<?xml version="1.0" encoding="UTF-8" ?>
<testsuite errors="0" failures="0" hostname="Joshuas-MacBook-Pro.local" name="com.flatironschool.javacs.IndexTest" skipped="0" tests="1" time="0.429" timestamp="2016-07-04T21:44:46">
  <properties>
[...]
</properties>
  <testcase classname="com.flatironschool.javacs.IndexTest" name="testIndexPage" time="0.375" />
  <system-out><![CDATA[
    https://en.wikipedia.org/wiki/Programming_language 288
    https://en.wikipedia.org/wiki/Java_(programming_language) 336
javabeans
    https://en.wikipedia.org/wiki/Java_(programming_language) 1
german
    https://en.wikipedia.org/wiki/Programming_language 1
govern
    https://en.wikipedia.org/wiki/Programming_language 1
recognized
    https://en.wikipedia.org/wiki/Java_(programming_language) 1
remote
    https://en.wikipedia.org/wiki/Programming_language 1
slower
    https://en.wikipedia.org/wiki/Programming_language 1
    https://en.wikipedia.org/wiki/Java_(programming_language) 1
without
    https://en.wikipedia.org/wiki/Programming_language 7
    https://en.wikipedia.org/wiki/Java_(programming_language) 5
these
    https://en.wikipedia.org/wiki/Programming_language 12
    https://en.wikipedia.org/wiki/Java_(programming_language) 5
asserts
    https://en.wikipedia.org/wiki/Programming_language 1
introduced
    https://en.wikipedia.org/wiki/Programming_language 1
    https://en.wikipedia.org/wiki/Java_(programming_language) 1
would
    https://en.wikipedia.org/wiki/Programming_language 3
    https://en.wikipedia.org/wiki/Java_(programming_language) 1
protected
    https://en.wikipedia.org/wiki/Java_(programming_language) 1
xml
    https://en.wikipedia.org/wiki/Programming_language 2
4gl
    https://en.wikipedia.org/wiki/Programming_language 1
ten
    https://en.wikipedia.org/wiki/Programming_language 1
organizational
    https://en.wikipedia.org/wiki/Programming_language 1
blockcontext
    https://en.wikipedia.org/wiki/Programming_language 1
wedded
    https://en.wikipedia.org/wiki/Programming_language 1
$
    https://en.wikipedia.org/wiki/Java_(programming_language) 1
thus
    https://en.wikipedia.org/wiki/Programming_language 1
devices
    https://en.wikipedia.org/wiki/Java_(programming_language) 2
optional
    https://en.wikipedia.org/wiki/Java_(programming_language) 1
require
    https://en.wikipedia.org/wiki/Programming_language 7
    https://en.wikipedia.org/wiki/Java_(programming_language) 1
scratch
    https://en.wikipedia.org/wiki/Programming_language 1
analysis
    https://en.wikipedia.org/wiki/Programming_language 4
    https://en.wikipedia.org/wiki/Java_(programming_language) 2
0
    https://en.wikipedia.org/wiki/Java_(programming_language) 4
standards
    https://en.wikipedia.org/wiki/Java_(programming_language) 3
1
    https://en.wikipedia.org/wiki/Programming_language 8
    https://en.wikipedia.org/wiki/Java_(programming_language) 9
reuses
    https://en.wikipedia.org/wiki/Java_(programming_language) 1
2
    https://en.wikipedia.org/wiki/Programming_language 6
    https://en.wikipedia.org/wiki/Java_(programming_language) 3
linq
    https://en.wikipedia.org/wiki/Programming_language 1
3
    https://en.wikipedia.org/wiki/Programming_language 3
size
    https://en.wikipedia.org/wiki/Java_(programming_language) 1
4
    https://en.wikipedia.org/wiki/Programming_language 2
5
    https://en.wikipedia.org/wiki/Programming_language 1
    https://en.wikipedia.org/wiki/Java_(programming_language) 3
left
    https://en.wikipedia.org/wiki/Java_(programming_language) 1
6
    https://en.wikipedia.org/wiki/Java_(programming_language) 2
7
    https://en.wikipedia.org/wiki/Java_(programming_language) 3
8
    https://en.wikipedia.org/wiki/Java_(programming_language) 3
historically
    https://en.wikipedia.org/wiki/Java_(programming_language) 1
9
    https://en.wikipedia.org/wiki/Java_(programming_language) 1
<
    https://en.wikipedia.org/wiki/Java_(programming_language) 1
much
    https://en.wikipedia.org/wiki/Programming_language 5
    https://en.wikipedia.org/wiki/Java_(programming_language) 2
>
    https://en.wikipedia.org/wiki/Java_(programming_language) 1
object
    https://en.wikipedia.org/wiki/Programming_language 6
    https://en.wikipedia.org/wiki/Java_(programming_language) 23
role
    https://en.wikipedia.org/wiki/Programming_language 1
    https://en.wikipedia.org/wiki/Java_(programming_language) 1
independent
    https://en.wikipedia.org/wiki/Java_(programming_language) 3
rejecting
    https://en.wikipedia.org/wiki/Programming_language 1
achieve
    https://en.wikipedia.org/wiki/Programming_language 1
blur
    https://en.wikipedia.org/wiki/Programming_language 1
suffice
    https://en.wikipedia.org/wiki/Programming_language 1
notable
    https://en.wikipedia.org/wiki/Programming_language 1
    https://en.wikipedia.org/wiki/Java_(programming_language) 1
example
    https://en.wikipedia.org/wiki/Programming_language 17
    https://en.wikipedia.org/wiki/Java_(programming_language) 4
paradigmatic
    https://en.wikipedia.org/wiki/Programming_language 1
result
    https://en.wikipedia.org/wiki/Programming_language 3
    https://en.wikipedia.org/wiki/Java_(programming_language) 2
characters
    https://en.wikipedia.org/wiki/Java_(programming_language) 1
rejects
    https://en.wikipedia.org/wiki/Programming_language 1
after
    https://en.wikipedia.org/wiki/Java_(programming_language) 5
solaris
    https://en.wikipedia.org/wiki/Java_(programming_language) 1
resigned
    https://en.wikipedia.org/wiki/Java_(programming_language) 1
hand
    https://en.wikipedia.org/wiki/Programming_language 2
a
    https://en.wikipedia.org/wiki/Programming_language 167
    https://en.wikipedia.org/wiki/Java_(programming_language) 101
mainframes
    https://en.wikipedia.org/wiki/Programming_language 1
b
    https://en.wikipedia.org/wiki/Programming_language 1
c
    https://en.wikipedia.org/wiki/Programming_language 16
    https://en.wikipedia.org/wiki/Java_(programming_language) 4
licensed
    https://en.wikipedia.org/wiki/Java_(programming_language) 1
address
    https://en.wikipedia.org/wiki/Programming_language 1
sets
    https://en.wikipedia.org/wiki/Java_(programming_language) 1
d
    https://en.wikipedia.org/wiki/Programming_language 1
e
    https://en.wikipedia.org/wiki/Programming_language 5
    https://en.wikipedia.org/wiki/Java_(programming_language) 5
kernel
    https://en.wikipedia.org/wiki/Java_(programming_language) 1
f
    https://en.wikipedia.org/wiki/Programming_language 1
g
    https://en.wikipedia.org/wiki/Programming_language 1
i
    https://en.wikipedia.org/wiki/Programming_language 5
    https://en.wikipedia.org/wiki/Java_(programming_language) 5
combines
    https://en.wikipedia.org/wiki/Java_(programming_language) 1
printing
    https://en.wikipedia.org/wiki/Java_(programming_language) 2
gnu
    https://en.wikipedia.org/wiki/Java_(programming_language) 5
the
    https://en.wikipedia.org/wiki/Programming_language 264
    https://en.wikipedia.org/wiki/Java_(programming_language) 339
straight
    https://en.wikipedia.org/wiki/Programming_language 1
p
    https://en.wikipedia.org/wiki/Programming_language 4
component
    https://en.wikipedia.org/wiki/Java_(programming_language) 4
licenses
    https://en.wikipedia.org/wiki/Java_(programming_language) 1
r
    https://en.wikipedia.org/wiki/Programming_language 1
s
    https://en.wikipedia.org/wiki/Programming_language 15
    https://en.wikipedia.org/wiki/Java_(programming_language) 17
w
    https://en.wikipedia.org/wiki/Programming_language 1
x
    https://en.wikipedia.org/wiki/Programming_language 3
    https://en.wikipedia.org/wiki/Java_(programming_language) 2
fifth
    https://en.wikipedia.org/wiki/Programming_language 2
information
    https://en.wikipedia.org/wiki/Programming_language 2
combined
    https://en.wikipedia.org/wiki/Programming_language 2
returned
    https://en.wikipedia.org/wiki/Java_(programming_language) 3
novel
    https://en.wikipedia.org/wiki/Programming_language 1
discuss
    https://en.wikipedia.org/wiki/Java_(programming_language) 1
standard
    https://en.wikipedia.org/wiki/Programming_language 5
    https://en.wikipedia.org/wiki/Java_(programming_language) 9
november
    https://en.wikipedia.org/wiki/Java_(programming_language) 1
harmony
    https://en.wikipedia.org/wiki/Java_(programming_language) 1
keywords
    https://en.wikipedia.org/wiki/Programming_language 1
    https://en.wikipedia.org/wiki/Java_(programming_language) 1
correct
    https://en.wikipedia.org/wiki/Programming_language 8
dijkstra
    https://en.wikipedia.org/wiki/Programming_language 2
completeness
    https://en.wikipedia.org/wiki/Programming_language 1
specifications
    https://en.wikipedia.org/wiki/Programming_language 3
    https://en.wikipedia.org/wiki/Java_(programming_language) 1
infers
    https://en.wikipedia.org/wiki/Programming_language 1
analyses
    https://en.wikipedia.org/wiki/Programming_language 1
syntactic
    https://en.wikipedia.org/wiki/Programming_language 4
speakers
    https://en.wikipedia.org/wiki/Programming_language 1
implement
    https://en.wikipedia.org/wiki/Programming_language 1
others
    https://en.wikipedia.org/wiki/Programming_language 1
    https://en.wikipedia.org/wiki/Java_(programming_language) 2
gpl
    https://en.wikipedia.org/wiki/Java_(programming_language) 3
making
    https://en.wikipedia.org/wiki/Programming_language 2
    https://en.wikipedia.org/wiki/Java_(programming_language) 1
lisp
    https://en.wikipedia.org/wiki/Programming_language 5
unchecked
    https://en.wikipedia.org/wiki/Programming_language 1
troff
    https://en.wikipedia.org/wiki/Programming_language 1
check
    https://en.wikipedia.org/wiki/Programming_language 1
lack
    https://en.wikipedia.org/wiki/Programming_language 1
external
    https://en.wikipedia.org/wiki/Programming_language 2
aside
    https://en.wikipedia.org/wiki/Java_(programming_language) 1
claims
    https://en.wikipedia.org/wiki/Programming_language 1
formats
    https://en.wikipedia.org/wiki/Programming_language 2
applied
    https://en.wikipedia.org/wiki/Programming_language 1
relieving
    https://en.wikipedia.org/wiki/Programming_language 1
provided
    https://en.wikipedia.org/wiki/Java_(programming_language) 1
interface
    https://en.wikipedia.org/wiki/Programming_language 1
    https://en.wikipedia.org/wiki/Java_(programming_language) 5
representation
    https://en.wikipedia.org/wiki/Java_(programming_language) 1
compiled
    https://en.wikipedia.org/wiki/Programming_language 3
    https://en.wikipedia.org/wiki/Java_(programming_language) 5
producing
    https://en.wikipedia.org/wiki/Java_(programming_language) 1
provides
    https://en.wikipedia.org/wiki/Programming_language 2
    https://en.wikipedia.org/wiki/Java_(programming_language) 7
patrick
    https://en.wikipedia.org/wiki/Java_(programming_language) 1
standardized
    https://en.wikipedia.org/wiki/Programming_language 1
hard
    https://en.wikipedia.org/wiki/Programming_language 2
compiler
    https://en.wikipedia.org/wiki/Programming_language 6
    https://en.wikipedia.org/wiki/Java_(programming_language) 9
generically
    https://en.wikipedia.org/wiki/Programming_language 1
compiles
    https://en.wikipedia.org/wiki/Java_(programming_language) 1
citation
    https://en.wikipedia.org/wiki/Programming_language 1
    https://en.wikipedia.org/wiki/Java_(programming_language) 2
blocks
    https://en.wikipedia.org/wiki/Programming_language 3
multiple
    https://en.wikipedia.org/wiki/Programming_language 3
    https://en.wikipedia.org/wiki/Java_(programming_language) 8
mobile
    https://en.wikipedia.org/wiki/Java_(programming_language) 2
perform
    https://en.wikipedia.org/wiki/Programming_language 4
    https://en.wikipedia.org/wiki/Java_(programming_language) 1
evolution
    https://en.wikipedia.org/wiki/Programming_language 1
better
    https://en.wikipedia.org/wiki/Java_(programming_language) 1
args
    https://en.wikipedia.org/wiki/Java_(programming_language) 4
with
    https://en.wikipedia.org/wiki/Programming_language 22
    https://en.wikipedia.org/wiki/Java_(programming_language) 36
service
    https://en.wikipedia.org/wiki/Java_(programming_language) 4
coffee
    https://en.wikipedia.org/wiki/Java_(programming_language) 1
there
    https://en.wikipedia.org/wiki/Programming_language 6
    https://en.wikipedia.org/wiki/Java_(programming_language) 6
translation
    https://en.wikipedia.org/wiki/Programming_language 2
permit
    https://en.wikipedia.org/wiki/Programming_language 2
syntax
    https://en.wikipedia.org/wiki/Programming_language 10
    https://en.wikipedia.org/wiki/Java_(programming_language) 5
well
    https://en.wikipedia.org/wiki/Programming_language 2
    https://en.wikipedia.org/wiki/Java_(programming_language) 3
handling
    https://en.wikipedia.org/wiki/Java_(programming_language) 1
personaljava
    https://en.wikipedia.org/wiki/Java_(programming_language) 1
named
    https://en.wikipedia.org/wiki/Java_(programming_language) 2
executables
    https://en.wikipedia.org/wiki/Java_(programming_language) 1
considered
    https://en.wikipedia.org/wiki/Programming_language 7
    https://en.wikipedia.org/wiki/Java_(programming_language) 1
atlas
    https://en.wikipedia.org/wiki/Programming_language 2
averaging
    https://en.wikipedia.org/wiki/Programming_language 1
focus
    https://en.wikipedia.org/wiki/Programming_language 1
changing
    https://en.wikipedia.org/wiki/Programming_language 2
approach
    https://en.wikipedia.org/wiki/Programming_language 1
implication
    https://en.wikipedia.org/wiki/Programming_language 1
2+2
    https://en.wikipedia.org/wiki/Programming_language 1
block
    https://en.wikipedia.org/wiki/Programming_language 1
per
    https://en.wikipedia.org/wiki/Programming_language 2
write
    https://en.wikipedia.org/wiki/Programming_language 8
    https://en.wikipedia.org/wiki/Java_(programming_language) 4
flow
    https://en.wikipedia.org/wiki/Programming_language 5
order
    https://en.wikipedia.org/wiki/Programming_language 2
    https://en.wikipedia.org/wiki/Java_(programming_language) 2
cooperation
    https://en.wikipedia.org/wiki/Java_(programming_language) 1
period
    https://en.wikipedia.org/wiki/Programming_language 2
lexical
    https://en.wikipedia.org/wiki/Programming_language 1
went
    https://en.wikipedia.org/wiki/Programming_language 1
    https://en.wikipedia.org/wiki/Java_(programming_language) 1
jcomponent
    https://en.wikipedia.org/wiki/Java_(programming_language) 1
corporation
    https://en.wikipedia.org/wiki/Programming_language 1
    https://en.wikipedia.org/wiki/Java_(programming_language) 3
distant
    https://en.wikipedia.org/wiki/Programming_language 1
clr
    https://en.wikipedia.org/wiki/Programming_language 1
understand
    https://en.wikipedia.org/wiki/Programming_language 1
underlying
    https://en.wikipedia.org/wiki/Programming_language 3
    https://en.wikipedia.org/wiki/Java_(programming_language) 1
slowly
    https://en.wikipedia.org/wiki/Java_(programming_language) 1
ever
    https://en.wikipedia.org/wiki/Programming_language 1
million
    https://en.wikipedia.org/wiki/Java_(programming_language) 2
even
    https://en.wikipedia.org/wiki/Programming_language 8
    https://en.wikipedia.org/wiki/Java_(programming_language) 1
strongly
    https://en.wikipedia.org/wiki/Programming_language 4
transparency
    https://en.wikipedia.org/wiki/Java_(programming_language) 1
binary
    https://en.wikipedia.org/wiki/Programming_language 1
integration
    https://en.wikipedia.org/wiki/Programming_language 1
gui
    https://en.wikipedia.org/wiki/Java_(programming_language) 2
orders
    https://en.wikipedia.org/wiki/Programming_language 1
conversions
    https://en.wikipedia.org/wiki/Programming_language 2
circuit
    https://en.wikipedia.org/wiki/Java_(programming_language) 1
cms
    https://en.wikipedia.org/wiki/Java_(programming_language) 1
respectively
    https://en.wikipedia.org/wiki/Programming_language 1
    https://en.wikipedia.org/wiki/Java_(programming_language) 1
kinds
    https://en.wikipedia.org/wiki/Programming_language 4
functionality
    https://en.wikipedia.org/wiki/Programming_language 1
    https://en.wikipedia.org/wiki/Java_(programming_language) 1
restrict
    https://en.wikipedia.org/wiki/Programming_language 1
conjunction
    https://en.wikipedia.org/wiki/Programming_language 1
goto
    https://en.wikipedia.org/wiki/Programming_language 1
top
    https://en.wikipedia.org/wiki/Java_(programming_language) 1
too
    https://en.wikipedia.org/wiki/Java_(programming_language) 1
native
    https://en.wikipedia.org/wiki/Java_(programming_language) 3
have
    https://en.wikipedia.org/wiki/Programming_language 31
    https://en.wikipedia.org/wiki/Java_(programming_language) 9
casting
    https://en.wikipedia.org/wiki/Programming_language 3
imperative
    https://en.wikipedia.org/wiki/Programming_language 3
declarative
    https://en.wikipedia.org/wiki/Programming_language 2
product
    https://en.wikipedia.org/wiki/Programming_language 1
particularly
    https://en.wikipedia.org/wiki/Programming_language 1
    https://en.wikipedia.org/wiki/Java_(programming_language) 1
famous
    https://en.wikipedia.org/wiki/Programming_language 1
dominant
    https://en.wikipedia.org/wiki/Programming_language 2
ucsd
    https://en.wikipedia.org/wiki/Programming_language 1
intellectual
    https://en.wikipedia.org/wiki/Programming_language 1
inconsistent
    https://en.wikipedia.org/wiki/Java_(programming_language) 1
opportunities
    https://en.wikipedia.org/wiki/Programming_language 1
produce
    https://en.wikipedia.org/wiki/Programming_language 1
interchangeably
    https://en.wikipedia.org/wiki/Programming_language 1
    https://en.wikipedia.org/wiki/Java_(programming_language) 1
framework
    https://en.wikipedia.org/wiki/Java_(programming_language) 1
requiring
    https://en.wikipedia.org/wiki/Java_(programming_language) 1
regard
    https://en.wikipedia.org/wiki/Java_(programming_language) 1
php
    https://en.wikipedia.org/wiki/Programming_language 1
attributes
    https://en.wikipedia.org/wiki/Java_(programming_language) 1
smalltalk
    https://en.wikipedia.org/wiki/Programming_language 2
entity
    https://en.wikipedia.org/wiki/Programming_language 1
communities
    https://en.wikipedia.org/wiki/Programming_language 1
com
    https://en.wikipedia.org/wiki/Programming_language 1
prohibit
    https://en.wikipedia.org/wiki/Programming_language 1
measuring
    https://en.wikipedia.org/wiki/Programming_language 1
environments
    https://en.wikipedia.org/wiki/Java_(programming_language) 3
steward
    https://en.wikipedia.org/wiki/Java_(programming_language) 1
almost
    https://en.wikipedia.org/wiki/Java_(programming_language) 4
prevents
    https://en.wikipedia.org/wiki/Programming_language 1
    https://en.wikipedia.org/wiki/Java_(programming_language) 1
lets
    https://en.wikipedia.org/wiki/Programming_language 1
simplifies
    https://en.wikipedia.org/wiki/Java_(programming_language) 1
translated
    https://en.wikipedia.org/wiki/Programming_language 1
descendant
    https://en.wikipedia.org/wiki/Programming_language 1
manner
    https://en.wikipedia.org/wiki/Programming_language 2
upon
    https://en.wikipedia.org/wiki/Programming_language 2
    https://en.wikipedia.org/wiki/Java_(programming_language) 1
platforms
    https://en.wikipedia.org/wiki/Java_(programming_language) 8
identical
    https://en.wikipedia.org/wiki/Java_(programming_language) 2
earlier
    https://en.wikipedia.org/wiki/Java_(programming_language) 1
academia
    https://en.wikipedia.org/wiki/Programming_language 1
whether
    https://en.wikipedia.org/wiki/Programming_language 2
academic
    https://en.wikipedia.org/wiki/Programming_language 1
members
    https://en.wikipedia.org/wiki/Java_(programming_language) 1
discusses
    https://en.wikipedia.org/wiki/Programming_language 1
function
    https://en.wikipedia.org/wiki/Programming_language 4
motif
    https://en.wikipedia.org/wiki/Java_(programming_language) 1
verification
    https://en.wikipedia.org/wiki/Programming_language 1
circumstances
    https://en.wikipedia.org/wiki/Programming_language 1
macros
    https://en.wikipedia.org/wiki/Programming_language 2
void
    https://en.wikipedia.org/wiki/Programming_language 1
    https://en.wikipedia.org/wiki/Java_(programming_language) 3
including
    https://en.wikipedia.org/wiki/Programming_language 4
    https://en.wikipedia.org/wiki/Java_(programming_language) 1
clones
    https://en.wikipedia.org/wiki/Java_(programming_language) 1
lay
    https://en.wikipedia.org/wiki/Java_(programming_language) 1
differs
    https://en.wikipedia.org/wiki/Programming_language 2
cpu
    https://en.wikipedia.org/wiki/Programming_language 1
guaranteed
    https://en.wikipedia.org/wiki/Java_(programming_language) 1
constitutes
    https://en.wikipedia.org/wiki/Programming_language 1
less
    https://en.wikipedia.org/wiki/Programming_language 3
basis
    https://en.wikipedia.org/wiki/Java_(programming_language) 2
200
    https://en.wikipedia.org/wiki/Java_(programming_language) 2
were
    https://en.wikipedia.org/wiki/Programming_language 17
    https://en.wikipedia.org/wiki/Java_(programming_language) 5
translates
    https://en.wikipedia.org/wiki/Programming_language 1
    https://en.wikipedia.org/wiki/Java_(programming_language) 1
arms
    https://en.wikipedia.org/wiki/Programming_language 1
basic
    https://en.wikipedia.org/wiki/Programming_language 2
specialized
    https://en.wikipedia.org/wiki/Programming_language 1
    https://en.wikipedia.org/wiki/Java_(programming_language) 1
became
    https://en.wikipedia.org/wiki/Programming_language 3
    https://en.wikipedia.org/wiki/Java_(programming_language) 1
initiated
    https://en.wikipedia.org/wiki/Java_(programming_language) 1
musa
    https://en.wikipedia.org/wiki/Programming_language 1
university
    https://en.wikipedia.org/wiki/Programming_language 5
cause
    https://en.wikipedia.org/wiki/Java_(programming_language) 2
technique
    https://en.wikipedia.org/wiki/Programming_language 2
manifestly
    https://en.wikipedia.org/wiki/Programming_language 3
overarching
    https://en.wikipedia.org/wiki/Programming_language 1
units
    https://en.wikipedia.org/wiki/Programming_language 1
disallowed
    https://en.wikipedia.org/wiki/Programming_language 1
univac
    https://en.wikipedia.org/wiki/Programming_language 1
scripting
    https://en.wikipedia.org/wiki/Programming_language 6
times
    https://en.wikipedia.org/wiki/Java_(programming_language) 1
primitives
    https://en.wikipedia.org/wiki/Programming_language 3
similarly
    https://en.wikipedia.org/wiki/Programming_language 2
    https://en.wikipedia.org/wiki/Java_(programming_language) 1
intended
    https://en.wikipedia.org/wiki/Programming_language 5
    https://en.wikipedia.org/wiki/Java_(programming_language) 4
design
    https://en.wikipedia.org/wiki/Programming_language 6
    https://en.wikipedia.org/wiki/Java_(programming_language) 3
extra
    https://en.wikipedia.org/wiki/Java_(programming_language) 1
lang
    https://en.wikipedia.org/wiki/Programming_language 1
tied
    https://en.wikipedia.org/wiki/Programming_language 3
comments
    https://en.wikipedia.org/wiki/Java_(programming_language) 4
automatic
    https://en.wikipedia.org/wiki/Programming_language 1
    https://en.wikipedia.org/wiki/Java_(programming_language) 2
bytecodes
    https://en.wikipedia.org/wiki/Java_(programming_language) 1
distinguished
    https://en.wikipedia.org/wiki/Programming_language 1
despite
    https://en.wikipedia.org/wiki/Programming_language 1
    https://en.wikipedia.org/wiki/Java_(programming_language) 1
declarations
    https://en.wikipedia.org/wiki/Programming_language 4
lengths
    https://en.wikipedia.org/wiki/Programming_language 1
jframe
    https://en.wikipedia.org/wiki/Java_(programming_language) 4
machines
    https://en.wikipedia.org/wiki/Programming_language 3
    https://en.wikipedia.org/wiki/Java_(programming_language) 1
respond
    https://en.wikipedia.org/wiki/Java_(programming_language) 1
renamed
    https://en.wikipedia.org/wiki/Java_(programming_language) 3
extending
    https://en.wikipedia.org/wiki/Java_(programming_language) 1
japan
    https://en.wikipedia.org/wiki/Programming_language 1
led
    https://en.wikipedia.org/wiki/Java_(programming_language) 1
deallocated
    https://en.wikipedia.org/wiki/Java_(programming_language) 2
defines
    https://en.wikipedia.org/wiki/Programming_language 4
    https://en.wikipedia.org/wiki/Java_(programming_language) 1
recompilation
    https://en.wikipedia.org/wiki/Java_(programming_language) 1
notation
    https://en.wikipedia.org/wiki/Programming_language 2
let
    https://en.wikipedia.org/wiki/Programming_language 1
    https://en.wikipedia.org/wiki/Java_(programming_language) 1
pointers
    https://en.wikipedia.org/wiki/Programming_language 2
    https://en.wikipedia.org/wiki/Java_(programming_language) 1
defined
    https://en.wikipedia.org/wiki/Programming_language 11
    https://en.wikipedia.org/wiki/Java_(programming_language) 3
events
    https://en.wikipedia.org/wiki/Java_(programming_language) 1
element
    https://en.wikipedia.org/wiki/Java_(programming_language) 2
portions
    https://en.wikipedia.org/wiki/Programming_language 1
displayed
    https://en.wikipedia.org/wiki/Java_(programming_language) 3
began
    https://en.wikipedia.org/wiki/Java_(programming_language) 1
pack
    https://en.wikipedia.org/wiki/Java_(programming_language) 1
each
    https://en.wikipedia.org/wiki/Programming_language 3
    https://en.wikipedia.org/wiki/Java_(programming_language) 5
javascript
    https://en.wikipedia.org/wiki/Programming_language 4
labels
    https://en.wikipedia.org/wiki/Programming_language 1
input
    https://en.wikipedia.org/wiki/Programming_language 3
creating
    https://en.wikipedia.org/wiki/Java_(programming_language) 1
difference
    https://en.wikipedia.org/wiki/Programming_language 1
must
    https://en.wikipedia.org/wiki/Programming_language 6
    https://en.wikipedia.org/wiki/Java_(programming_language) 6
styles
    https://en.wikipedia.org/wiki/Java_(programming_language) 1
fqcn
    https://en.wikipedia.org/wiki/Java_(programming_language) 1
document
    https://en.wikipedia.org/wiki/Programming_language 1
    https://en.wikipedia.org/wiki/Java_(programming_language) 1
concurrent
    https://en.wikipedia.org/wiki/Programming_language 2
    https://en.wikipedia.org/wiki/Java_(programming_language) 2
facto
    https://en.wikipedia.org/wiki/Java_(programming_language) 2
two
    https://en.wikipedia.org/wiki/Programming_language 3
    https://en.wikipedia.org/wiki/Java_(programming_language) 2
descendants
    https://en.wikipedia.org/wiki/Programming_language 1
found
    https://en.wikipedia.org/wiki/Programming_language 1
    https://en.wikipedia.org/wiki/Java_(programming_language) 1
desired
    https://en.wikipedia.org/wiki/Programming_language 2
defense
    https://en.wikipedia.org/wiki/Programming_language 1
does
    https://en.wikipedia.org/wiki/Programming_language 2
    https://en.wikipedia.org/wiki/Java_(programming_language) 9
reported
    https://en.wikipedia.org/wiki/Java_(programming_language) 1
formalisms
    https://en.wikipedia.org/wiki/Programming_language 1
escape
    https://en.wikipedia.org/wiki/Java_(programming_language) 1
graphic
    https://en.wikipedia.org/wiki/Java_(programming_language) 2
creation
    https://en.wikipedia.org/wiki/Java_(programming_language) 3
latest
    https://en.wikipedia.org/wiki/Java_(programming_language) 1
languages
    https://en.wikipedia.org/wiki/Programming_language 138
    https://en.wikipedia.org/wiki/Java_(programming_language) 3
combining
    https://en.wikipedia.org/wiki/Programming_language 2
team
    https://en.wikipedia.org/wiki/Programming_language 1
declaration
    https://en.wikipedia.org/wiki/Programming_language 1
    https://en.wikipedia.org/wiki/Java_(programming_language) 2
entirely
    https://en.wikipedia.org/wiki/Programming_language 1
marketing
    https://en.wikipedia.org/wiki/Java_(programming_language) 1
filling
    https://en.wikipedia.org/wiki/Programming_language 1
japplet
    https://en.wikipedia.org/wiki/Java_(programming_language) 7
tedious
    https://en.wikipedia.org/wiki/Programming_language 1
remington
    https://en.wikipedia.org/wiki/Programming_language 1
needing
    https://en.wikipedia.org/wiki/Programming_language 1
had
    https://en.wikipedia.org/wiki/Programming_language 2
    https://en.wikipedia.org/wiki/Java_(programming_language) 4
source
    https://en.wikipedia.org/wiki/Programming_language 3
    https://en.wikipedia.org/wiki/Java_(programming_language) 10
secure
    https://en.wikipedia.org/wiki/Java_(programming_language) 1
compile
    https://en.wikipedia.org/wiki/Programming_language 4
    https://en.wikipedia.org/wiki/Java_(programming_language) 3
late
    https://en.wikipedia.org/wiki/Programming_language 1
bias
    https://en.wikipedia.org/wiki/Programming_language 1
things
    https://en.wikipedia.org/wiki/Programming_language 1
has
    https://en.wikipedia.org/wiki/Programming_language 12
    https://en.wikipedia.org/wiki/Java_(programming_language) 11
keyword
    https://en.wikipedia.org/wiki/Java_(programming_language) 4
starts
    https://en.wikipedia.org/wiki/Java_(programming_language) 1
acquired
    https://en.wikipedia.org/wiki/Java_(programming_language) 1
given
    https://en.wikipedia.org/wiki/Programming_language 4
    https://en.wikipedia.org/wiki/Java_(programming_language) 1
actual
    https://en.wikipedia.org/wiki/Programming_language 1
definite
    https://en.wikipedia.org/wiki/Programming_language 1
involves
    https://en.wikipedia.org/wiki/Programming_language 1
widely
    https://en.wikipedia.org/wiki/Programming_language 3
adapt
    https://en.wikipedia.org/wiki/Programming_language 1
batch
    https://en.wikipedia.org/wiki/Programming_language 1
insufficient
    https://en.wikipedia.org/wiki/Java_(programming_language) 1
freed
    https://en.wikipedia.org/wiki/Java_(programming_language) 1
uncomfortable
    https://en.wikipedia.org/wiki/Programming_language 1
technologies
    https://en.wikipedia.org/wiki/Java_(programming_language) 3
1943
    https://en.wikipedia.org/wiki/Programming_language 1
suited
    https://en.wikipedia.org/wiki/Java_(programming_language) 1
involved
    https://en.wikipedia.org/wiki/Programming_language 1
converted
    https://en.wikipedia.org/wiki/Programming_language 1
    https://en.wikipedia.org/wiki/Java_(programming_language) 2
district
    https://en.wikipedia.org/wiki/Java_(programming_language) 1
overall
    https://en.wikipedia.org/wiki/Programming_language 1
1949
    https://en.wikipedia.org/wiki/Programming_language 1
page
    https://en.wikipedia.org/wiki/Java_(programming_language) 2
1945
    https://en.wikipedia.org/wiki/Programming_language 1
full
    https://en.wikipedia.org/wiki/Java_(programming_language) 1
memory
    https://en.wikipedia.org/wiki/Java_(programming_language) 16
cards
    https://en.wikipedia.org/wiki/Programming_language 1
aspects
    https://en.wikipedia.org/wiki/Programming_language 2
    https://en.wikipedia.org/wiki/Java_(programming_language) 1
impossible
    https://en.wikipedia.org/wiki/Programming_language 1
erlang
    https://en.wikipedia.org/wiki/Programming_language 1
effort
    https://en.wikipedia.org/wiki/Programming_language 1
hartley
    https://en.wikipedia.org/wiki/Programming_language 1
1954
    https://en.wikipedia.org/wiki/Programming_language 2
1952
    https://en.wikipedia.org/wiki/Programming_language 1
brooker
    https://en.wikipedia.org/wiki/Programming_language 2
documenting
    https://en.wikipedia.org/wiki/Java_(programming_language) 1
perl
    https://en.wikipedia.org/wiki/Programming_language 6
1959
    https://en.wikipedia.org/wiki/Programming_language 2
1958
    https://en.wikipedia.org/wiki/Programming_language 1
early
    https://en.wikipedia.org/wiki/Programming_language 7
    https://en.wikipedia.org/wiki/Java_(programming_language) 1
1955
    https://en.wikipedia.org/wiki/Programming_language 2
convention
    https://en.wikipedia.org/wiki/Java_(programming_language) 1
hours
    https://en.wikipedia.org/wiki/Programming_language 1
c232
    https://en.wikipedia.org/wiki/Programming_language 1
center
    https://en.wikipedia.org/wiki/Programming_language 1
libraries
    https://en.wikipedia.org/wiki/Programming_language 1
    https://en.wikipedia.org/wiki/Java_(programming_language) 3
windows
    https://en.wikipedia.org/wiki/Java_(programming_language) 4
earliest
    https://en.wikipedia.org/wiki/Programming_language 3
generic
    https://en.wikipedia.org/wiki/Programming_language 2
    https://en.wikipedia.org/wiki/Java_(programming_language) 2
manage
    https://en.wikipedia.org/wiki/Java_(programming_language) 2
bypass
    https://en.wikipedia.org/wiki/Programming_language 2
fallen
    https://en.wikipedia.org/wiki/Programming_language 1
1961
    https://en.wikipedia.org/wiki/Programming_language 1
spared
    https://en.wikipedia.org/wiki/Java_(programming_language) 1
initially
    https://en.wikipedia.org/wiki/Java_(programming_language) 2
short
    https://en.wikipedia.org/wiki/Programming_language 2
12345
    https://en.wikipedia.org/wiki/Programming_language 1
time
    https://en.wikipedia.org/wiki/Programming_language 18
    https://en.wikipedia.org/wiki/Java_(programming_language) 8
gtk+
    https://en.wikipedia.org/wiki/Java_(programming_language) 1
1968
    https://en.wikipedia.org/wiki/Programming_language 1
configurable
    https://en.wikipedia.org/wiki/Java_(programming_language) 1
applications
    https://en.wikipedia.org/wiki/Programming_language 5
    https://en.wikipedia.org/wiki/Java_(programming_language) 11
decidable
    https://en.wikipedia.org/wiki/Programming_language 1
measured
    https://en.wikipedia.org/wiki/Programming_language 1
interactive
    https://en.wikipedia.org/wiki/Programming_language 1
    https://en.wikipedia.org/wiki/Java_(programming_language) 1
program
    https://en.wikipedia.org/wiki/Programming_language 25
    https://en.wikipedia.org/wiki/Java_(programming_language) 14
semantics
    https://en.wikipedia.org/wiki/Programming_language 16
three
    https://en.wikipedia.org/wiki/Java_(programming_language) 2
required
    https://en.wikipedia.org/wiki/Programming_language 1
    https://en.wikipedia.org/wiki/Java_(programming_language) 2
plankalkül
    https://en.wikipedia.org/wiki/Programming_language 1
multi
    https://en.wikipedia.org/wiki/Programming_language 1
    https://en.wikipedia.org/wiki/Java_(programming_language) 1
alick
    https://en.wikipedia.org/wiki/Programming_language 1
artifact
    https://en.wikipedia.org/wiki/Programming_language 1
her
    https://en.wikipedia.org/wiki/Programming_language 1
specifically
    https://en.wikipedia.org/wiki/Java_(programming_language) 2
hardware
    https://en.wikipedia.org/wiki/Programming_language 9
    https://en.wikipedia.org/wiki/Java_(programming_language) 5
identifier
    https://en.wikipedia.org/wiki/Programming_language 1
    https://en.wikipedia.org/wiki/Java_(programming_language) 1
having
    https://en.wikipedia.org/wiki/Programming_language 2
    https://en.wikipedia.org/wiki/Java_(programming_language) 2
standalone
    https://en.wikipedia.org/wiki/Java_(programming_language) 1
dates
    https://en.wikipedia.org/wiki/Programming_language 1
    https://en.wikipedia.org/wiki/Java_(programming_language) 1
dynamically
    https://en.wikipedia.org/wiki/Programming_language 2
dependencies
    https://en.wikipedia.org/wiki/Java_(programming_language) 1
1987
    https://en.wikipedia.org/wiki/Programming_language 1
provide
    https://en.wikipedia.org/wiki/Programming_language 5
    https://en.wikipedia.org/wiki/Java_(programming_language) 4
allocate
    https://en.wikipedia.org/wiki/Java_(programming_language) 1
latent
    https://en.wikipedia.org/wiki/Programming_language 1
primary
    https://en.wikipedia.org/wiki/Java_(programming_language) 2
requires
    https://en.wikipedia.org/wiki/Java_(programming_language) 1
emphasizes
    https://en.wikipedia.org/wiki/Programming_language 1
enterprise
    https://en.wikipedia.org/wiki/Java_(programming_language) 3
methods
    https://en.wikipedia.org/wiki/Programming_language 1
    https://en.wikipedia.org/wiki/Java_(programming_language) 8
conditionally
    https://en.wikipedia.org/wiki/Programming_language 1
reliability
    https://en.wikipedia.org/wiki/Programming_language 1
merits
    https://en.wikipedia.org/wiki/Programming_language 1
consume
    https://en.wikipedia.org/wiki/Programming_language 1
smart
    https://en.wikipedia.org/wiki/Java_(programming_language) 1
undefined
    https://en.wikipedia.org/wiki/Programming_language 2
    https://en.wikipedia.org/wiki/Java_(programming_language) 1
anti
    https://en.wikipedia.org/wiki/Java_(programming_language) 1
1998
    https://en.wikipedia.org/wiki/Programming_language 1
    https://en.wikipedia.org/wiki/Java_(programming_language) 2
1997
    https://en.wikipedia.org/wiki/Java_(programming_language) 3
computer
    https://en.wikipedia.org/wiki/Programming_language 20
    https://en.wikipedia.org/wiki/Java_(programming_language) 2
openjdk
    https://en.wikipedia.org/wiki/Java_(programming_language) 2
1995
    https://en.wikipedia.org/wiki/Java_(programming_language) 2
ways
    https://en.wikipedia.org/wiki/Programming_language 2
low
    https://en.wikipedia.org/wiki/Programming_language 1
    https://en.wikipedia.org/wiki/Java_(programming_language) 2
datatype
    https://en.wikipedia.org/wiki/Programming_language 1
1991
    https://en.wikipedia.org/wiki/Java_(programming_language) 1
merely
    https://en.wikipedia.org/wiki/Programming_language 1
    https://en.wikipedia.org/wiki/Java_(programming_language) 1
1999
    https://en.wikipedia.org/wiki/Java_(programming_language) 1
meant
    https://en.wikipedia.org/wiki/Programming_language 1
means
    https://en.wikipedia.org/wiki/Programming_language 2
    https://en.wikipedia.org/wiki/Java_(programming_language) 3
efficient
    https://en.wikipedia.org/wiki/Java_(programming_language) 1
entirety
    https://en.wikipedia.org/wiki/Programming_language 1
edsac
    https://en.wikipedia.org/wiki/Programming_language 2
centre
    https://en.wikipedia.org/wiki/Programming_language 1
consistent
    https://en.wikipedia.org/wiki/Java_(programming_language) 1
performed
    https://en.wikipedia.org/wiki/Programming_language 1
ansi
    https://en.wikipedia.org/wiki/Java_(programming_language) 1
naughton
    https://en.wikipedia.org/wiki/Java_(programming_language) 1
january
    https://en.wikipedia.org/wiki/Java_(programming_language) 1
organized
    https://en.wikipedia.org/wiki/Java_(programming_language) 2
char
    https://en.wikipedia.org/wiki/Programming_language 1
small
    https://en.wikipedia.org/wiki/Programming_language 1
    https://en.wikipedia.org/wiki/Java_(programming_language) 1
before
    https://en.wikipedia.org/wiki/Programming_language 2
replace
    https://en.wikipedia.org/wiki/Java_(programming_language) 1
figuratively
    https://en.wikipedia.org/wiki/Programming_language 1
launched
    https://en.wikipedia.org/wiki/Java_(programming_language) 1
major
    https://en.wikipedia.org/wiki/Programming_language 3
    https://en.wikipedia.org/wiki/Java_(programming_language) 2
checked
    https://en.wikipedia.org/wiki/Programming_language 1
exiting
    https://en.wikipedia.org/wiki/Java_(programming_language) 1
potential
    https://en.wikipedia.org/wiki/Java_(programming_language) 1
1980s
    https://en.wikipedia.org/wiki/Programming_language 4
combination
    https://en.wikipedia.org/wiki/Programming_language 4
    https://en.wikipedia.org/wiki/Java_(programming_language) 1
created
    https://en.wikipedia.org/wiki/Programming_language 4
    https://en.wikipedia.org/wiki/Java_(programming_language) 4
tree
    https://en.wikipedia.org/wiki/Java_(programming_language) 1
runtime
    https://en.wikipedia.org/wiki/Programming_language 1
    https://en.wikipedia.org/wiki/Java_(programming_language) 7
particular
    https://en.wikipedia.org/wiki/Programming_language 1
    https://en.wikipedia.org/wiki/Java_(programming_language) 1
history
    https://en.wikipedia.org/wiki/Java_(programming_language) 1
slashes
    https://en.wikipedia.org/wiki/Java_(programming_language) 1
formal
    https://en.wikipedia.org/wiki/Programming_language 7
    https://en.wikipedia.org/wiki/Java_(programming_language) 1
overloading
    https://en.wikipedia.org/wiki/Java_(programming_language) 1
creates
    https://en.wikipedia.org/wiki/Java_(programming_language) 3
managing
    https://en.wikipedia.org/wiki/Java_(programming_language) 1
launches
    https://en.wikipedia.org/wiki/Java_(programming_language) 1
applet
    https://en.wikipedia.org/wiki/Java_(programming_language) 15
launcher
    https://en.wikipedia.org/wiki/Java_(programming_language) 2
mauchly
    https://en.wikipedia.org/wiki/Programming_language 1
request
    https://en.wikipedia.org/wiki/Java_(programming_language) 3
mike
    https://en.wikipedia.org/wiki/Java_(programming_language) 1
values
    https://en.wikipedia.org/wiki/Programming_language 4
    https://en.wikipedia.org/wiki/Java_(programming_language) 1
part
    https://en.wikipedia.org/wiki/Programming_language 4
    https://en.wikipedia.org/wiki/Java_(programming_language) 2
their
    https://en.wikipedia.org/wiki/Programming_language 13
    https://en.wikipedia.org/wiki/Java_(programming_language) 9
numeric
    https://en.wikipedia.org/wiki/Programming_language 1
constructs
    https://en.wikipedia.org/wiki/Programming_language 12
elsewhere
    https://en.wikipedia.org/wiki/Programming_language 1
point
    https://en.wikipedia.org/wiki/Programming_language 1
    https://en.wikipedia.org/wiki/Java_(programming_language) 2
general
    https://en.wikipedia.org/wiki/Programming_language 5
    https://en.wikipedia.org/wiki/Java_(programming_language) 3
browser
    https://en.wikipedia.org/wiki/Java_(programming_language) 4
5gl
    https://en.wikipedia.org/wiki/Programming_language 1
introduction
    https://en.wikipedia.org/wiki/Programming_language 1
    https://en.wikipedia.org/wiki/Java_(programming_language) 2
applets
    https://en.wikipedia.org/wiki/Java_(programming_language) 6
process
    https://en.wikipedia.org/wiki/Programming_language 3
    https://en.wikipedia.org/wiki/Java_(programming_language) 7
built
    https://en.wikipedia.org/wiki/Programming_language 2
    https://en.wikipedia.org/wiki/Java_(programming_language) 3
alternative
    https://en.wikipedia.org/wiki/Programming_language 1
    https://en.wikipedia.org/wiki/Java_(programming_language) 2
threads
    https://en.wikipedia.org/wiki/Programming_language 1
third
    https://en.wikipedia.org/wiki/Programming_language 2
    https://en.wikipedia.org/wiki/Java_(programming_language) 1
mean
    https://en.wikipedia.org/wiki/Programming_language 2
interaction
    https://en.wikipedia.org/wiki/Programming_language 1
further
    https://en.wikipedia.org/wiki/Programming_language 1
been
    https://en.wikipedia.org/wiki/Programming_language 15
    https://en.wikipedia.org/wiki/Java_(programming_language) 7
mostly
    https://en.wikipedia.org/wiki/Programming_language 1
    https://en.wikipedia.org/wiki/Java_(programming_language) 1
stack
    https://en.wikipedia.org/wiki/Java_(programming_language) 2
servlet
    https://en.wikipedia.org/wiki/Java_(programming_language) 8
mime
    https://en.wikipedia.org/wiki/Java_(programming_language) 1
evolved
    https://en.wikipedia.org/wiki/Programming_language 1
toggled
    https://en.wikipedia.org/wiki/Programming_language 1
executing
    https://en.wikipedia.org/wiki/Java_(programming_language) 1
ambiguous
    https://en.wikipedia.org/wiki/Programming_language 1
mixins
    https://en.wikipedia.org/wiki/Programming_language 1
depending
    https://en.wikipedia.org/wiki/Programming_language 1
diverse
    https://en.wikipedia.org/wiki/Programming_language 1
knowledge
    https://en.wikipedia.org/wiki/Programming_language 1
happen
    https://en.wikipedia.org/wiki/Java_(programming_language) 1
preventing
    https://en.wikipedia.org/wiki/Java_(programming_language) 1
pass
    https://en.wikipedia.org/wiki/Java_(programming_language) 1
going
    https://en.wikipedia.org/wiki/Programming_language 1
devised
    https://en.wikipedia.org/wiki/Programming_language 2
profile
    https://en.wikipedia.org/wiki/Java_(programming_language) 1
scavenge
    https://en.wikipedia.org/wiki/Java_(programming_language) 1
mainstream
    https://en.wikipedia.org/wiki/Programming_language 2
active
    https://en.wikipedia.org/wiki/Java_(programming_language) 1
court
    https://en.wikipedia.org/wiki/Java_(programming_language) 2
appends
    https://en.wikipedia.org/wiki/Java_(programming_language) 1
easy
    https://en.wikipedia.org/wiki/Java_(programming_language) 1
whose
    https://en.wikipedia.org/wiki/Programming_language 1
finer
    https://en.wikipedia.org/wiki/Programming_language 1
hoff
    https://en.wikipedia.org/wiki/Java_(programming_language) 1
domain
    https://en.wikipedia.org/wiki/Programming_language 5
omitted
    https://en.wikipedia.org/wiki/Programming_language 1
conventionally
    https://en.wikipedia.org/wiki/Programming_language 1
setcontenttype
    https://en.wikipedia.org/wiki/Java_(programming_language) 1
relative
    https://en.wikipedia.org/wiki/Programming_language 1
characteristic
    https://en.wikipedia.org/wiki/Java_(programming_language) 1
how
    https://en.wikipedia.org/wiki/Programming_language 5
capability
    https://en.wikipedia.org/wiki/Java_(programming_language) 1
implementors
    https://en.wikipedia.org/wiki/Programming_language 1
unlike
    https://en.wikipedia.org/wiki/Programming_language 1
    https://en.wikipedia.org/wiki/Java_(programming_language) 2
assembly
    https://en.wikipedia.org/wiki/Programming_language 4
term
    https://en.wikipedia.org/wiki/Programming_language 4
acquisition
    https://en.wikipedia.org/wiki/Java_(programming_language) 2
override
    https://en.wikipedia.org/wiki/Java_(programming_language) 1
embedded
    https://en.wikipedia.org/wiki/Programming_language 2
    https://en.wikipedia.org/wiki/Java_(programming_language) 2
business
    https://en.wikipedia.org/wiki/Programming_language 1
    https://en.wikipedia.org/wiki/Java_(programming_language) 1
advent
    https://en.wikipedia.org/wiki/Java_(programming_language) 1
possible
    https://en.wikipedia.org/wiki/Programming_language 4
    https://en.wikipedia.org/wiki/Java_(programming_language) 3
right
    https://en.wikipedia.org/wiki/Java_(programming_language) 1
9th
    https://en.wikipedia.org/wiki/Programming_language 1
executable
    https://en.wikipedia.org/wiki/Java_(programming_language) 1
transition
    https://en.wikipedia.org/wiki/Programming_language 1
appeals
    https://en.wikipedia.org/wiki/Java_(programming_language) 1
june
    https://en.wikipedia.org/wiki/Java_(programming_language) 1
stage
    https://en.wikipedia.org/wiki/Java_(programming_language) 1
meet
    https://en.wikipedia.org/wiki/Programming_language 1
regarded
    https://en.wikipedia.org/wiki/Programming_language 1
answer
    https://en.wikipedia.org/wiki/Programming_language 1
calls
    https://en.wikipedia.org/wiki/Programming_language 1
    https://en.wikipedia.org/wiki/Java_(programming_language) 3
pseudocode
    https://en.wikipedia.org/wiki/Programming_language 1
complicated
    https://en.wikipedia.org/wiki/Programming_language 1
under
    https://en.wikipedia.org/wiki/Java_(programming_language) 6
did
    https://en.wikipedia.org/wiki/Java_(programming_language) 3
represent
    https://en.wikipedia.org/wiki/Programming_language 1
dialect
    https://en.wikipedia.org/wiki/Programming_language 1
added
    https://en.wikipedia.org/wiki/Programming_language 1
    https://en.wikipedia.org/wiki/Java_(programming_language) 3
debugger
    https://en.wikipedia.org/wiki/Java_(programming_language) 1
sometimes
    https://en.wikipedia.org/wiki/Programming_language 3
promise
    https://en.wikipedia.org/wiki/Programming_language 1
latex
    https://en.wikipedia.org/wiki/Programming_language 1
hold
    https://en.wikipedia.org/wiki/Programming_language 1
    https://en.wikipedia.org/wiki/Java_(programming_language) 1
later
    https://en.wikipedia.org/wiki/Programming_language 1
    https://en.wikipedia.org/wiki/Java_(programming_language) 4
designated
    https://en.wikipedia.org/wiki/Programming_language 1
    https://en.wikipedia.org/wiki/Java_(programming_language) 1
prior
    https://en.wikipedia.org/wiki/Programming_language 1
    https://en.wikipedia.org/wiki/Java_(programming_language) 2
adding
    https://en.wikipedia.org/wiki/Programming_language 1
legal
    https://en.wikipedia.org/wiki/Java_(programming_language) 3
computational
    https://en.wikipedia.org/wiki/Programming_language 1
us$20
    https://en.wikipedia.org/wiki/Java_(programming_language) 1
relicensed
    https://en.wikipedia.org/wiki/Java_(programming_language) 1
static
    https://en.wikipedia.org/wiki/Programming_language 8
    https://en.wikipedia.org/wiki/Java_(programming_language) 9
commonly
    https://en.wikipedia.org/wiki/Programming_language 8
    https://en.wikipedia.org/wiki/Java_(programming_language) 2
finally
    https://en.wikipedia.org/wiki/Java_(programming_language) 1
2001
    https://en.wikipedia.org/wiki/Java_(programming_language) 1
count
    https://en.wikipedia.org/wiki/Programming_language 1
2000
    https://en.wikipedia.org/wiki/Programming_language 1
    https://en.wikipedia.org/wiki/Java_(programming_language) 1
dismissive
    https://en.wikipedia.org/wiki/Programming_language 1
publicly
    https://en.wikipedia.org/wiki/Programming_language 1
    https://en.wikipedia.org/wiki/Java_(programming_language) 2
take
    https://en.wikipedia.org/wiki/Programming_language 1
thereof
    https://en.wikipedia.org/wiki/Programming_language 1
varies
    https://en.wikipedia.org/wiki/Programming_language 2
perlis
    https://en.wikipedia.org/wiki/Programming_language 1
some
    https://en.wikipedia.org/wiki/Programming_language 26
    https://en.wikipedia.org/wiki/Java_(programming_language) 5
virtual
    https://en.wikipedia.org/wiki/Programming_language 2
    https://en.wikipedia.org/wiki/Java_(programming_language) 12
beginning
    https://en.wikipedia.org/wiki/Java_(programming_language) 1
rather
    https://en.wikipedia.org/wiki/Programming_language 4
    https://en.wikipedia.org/wiki/Java_(programming_language) 1
optimized
    https://en.wikipedia.org/wiki/Java_(programming_language) 1
session
    https://en.wikipedia.org/wiki/Programming_language 1
2012
    https://en.wikipedia.org/wiki/Java_(programming_language) 2
2010
    https://en.wikipedia.org/wiki/Java_(programming_language) 2
title
    https://en.wikipedia.org/wiki/Java_(programming_language) 3
states
    https://en.wikipedia.org/wiki/Programming_language 1
    https://en.wikipedia.org/wiki/Java_(programming_language) 1
2009
    https://en.wikipedia.org/wiki/Java_(programming_language) 1
2007
    https://en.wikipedia.org/wiki/Java_(programming_language) 2
2006
    https://en.wikipedia.org/wiki/Java_(programming_language) 2
2004
    https://en.wikipedia.org/wiki/Java_(programming_language) 1
fortran
    https://en.wikipedia.org/wiki/Programming_language 2
passed
    https://en.wikipedia.org/wiki/Programming_language 1
    https://en.wikipedia.org/wiki/Java_(programming_language) 5
featuring
    https://en.wikipedia.org/wiki/Java_(programming_language) 1
just
    https://en.wikipedia.org/wiki/Programming_language 4
    https://en.wikipedia.org/wiki/Java_(programming_language) 2
pixel
    https://en.wikipedia.org/wiki/Java_(programming_language) 2
human
    https://en.wikipedia.org/wiki/Programming_language 4
1950s
    https://en.wikipedia.org/wiki/Programming_language 3
notice
    https://en.wikipedia.org/wiki/Programming_language 1
owner
    https://en.wikipedia.org/wiki/Java_(programming_language) 1
jury
    https://en.wikipedia.org/wiki/Java_(programming_language) 1
strictly
    https://en.wikipedia.org/wiki/Java_(programming_language) 1
existing
    https://en.wikipedia.org/wiki/Programming_language 2
    https://en.wikipedia.org/wiki/Java_(programming_language) 1
print
    https://en.wikipedia.org/wiki/Java_(programming_language) 1
2016
    https://en.wikipedia.org/wiki/Java_(programming_language) 1
although
    https://en.wikipedia.org/wiki/Programming_language 3
    https://en.wikipedia.org/wiki/Java_(programming_language) 5
relocate
    https://en.wikipedia.org/wiki/Java_(programming_language) 1
2015
    https://en.wikipedia.org/wiki/Java_(programming_language) 1
2014
    https://en.wikipedia.org/wiki/Java_(programming_language) 1
2013
    https://en.wikipedia.org/wiki/Programming_language 1
servlets
    https://en.wikipedia.org/wiki/Java_(programming_language) 1
decades
    https://en.wikipedia.org/wiki/Programming_language 1
showing
    https://en.wikipedia.org/wiki/Programming_language 1
president
    https://en.wikipedia.org/wiki/Java_(programming_language) 1
qualified
    https://en.wikipedia.org/wiki/Java_(programming_language) 1
brothers
    https://en.wikipedia.org/wiki/Programming_language 1
dropped
    https://en.wikipedia.org/wiki/Java_(programming_language) 1
convert
    https://en.wikipedia.org/wiki/Programming_language 1
construct
    https://en.wikipedia.org/wiki/Programming_language 2
attempt
    https://en.wikipedia.org/wiki/Programming_language 1
soon
    https://en.wikipedia.org/wiki/Java_(programming_language) 2
tablet
    https://en.wikipedia.org/wiki/Java_(programming_language) 1
tape
    https://en.wikipedia.org/wiki/Programming_language 1
assertions
    https://en.wikipedia.org/wiki/Java_(programming_language) 1
usually
    https://en.wikipedia.org/wiki/Programming_language 8
    https://en.wikipedia.org/wiki/Java_(programming_language) 2
text
    https://en.wikipedia.org/wiki/Programming_language 2
    https://en.wikipedia.org/wiki/Java_(programming_language) 1
whereas
    https://en.wikipedia.org/wiki/Java_(programming_language) 1
classifies
    https://en.wikipedia.org/wiki/Programming_language 1
validation
    https://en.wikipedia.org/wiki/Java_(programming_language) 1
letters
    https://en.wikipedia.org/wiki/Programming_language 1
python
    https://en.wikipedia.org/wiki/Programming_language 3
made
    https://en.wikipedia.org/wiki/Programming_language 2
    https://en.wikipedia.org/wiki/Java_(programming_language) 1
bits
    https://en.wikipedia.org/wiki/Programming_language 1
stall
    https://en.wikipedia.org/wiki/Java_(programming_language) 1
classified
    https://en.wikipedia.org/wiki/Programming_language 4
being
    https://en.wikipedia.org/wiki/Programming_language 3
    https://en.wikipedia.org/wiki/Java_(programming_language) 1
loading
    https://en.wikipedia.org/wiki/Java_(programming_language) 1
classification
    https://en.wikipedia.org/wiki/Programming_language 2
distributions
    https://en.wikipedia.org/wiki/Java_(programming_language) 1
altered
    https://en.wikipedia.org/wiki/Programming_language 1
field
    https://en.wikipedia.org/wiki/Programming_language 3
    https://en.wikipedia.org/wiki/Java_(programming_language) 1
contents
    https://en.wikipedia.org/wiki/Java_(programming_language) 1
served
    https://en.wikipedia.org/wiki/Programming_language 1
invalid
    https://en.wikipedia.org/wiki/Programming_language 1
status
    https://en.wikipedia.org/wiki/Java_(programming_language) 1
spawned
    https://en.wikipedia.org/wiki/Programming_language 1
trading
    https://en.wikipedia.org/wiki/Programming_language 1
server
    https://en.wikipedia.org/wiki/Programming_language 1
    https://en.wikipedia.org/wiki/Java_(programming_language) 8
semantic
    https://en.wikipedia.org/wiki/Programming_language 4
clients
    https://en.wikipedia.org/wiki/Java_(programming_language) 2
enforcing
    https://en.wikipedia.org/wiki/Java_(programming_language) 1
inference
    https://en.wikipedia.org/wiki/Programming_language 2
operates
    https://en.wikipedia.org/wiki/Java_(programming_language) 1
serves
    https://en.wikipedia.org/wiki/Programming_language 1
mac
    https://en.wikipedia.org/wiki/Java_(programming_language) 2
products
    https://en.wikipedia.org/wiki/Java_(programming_language) 1
file
    https://en.wikipedia.org/wiki/Java_(programming_language) 11
government
    https://en.wikipedia.org/wiki/Programming_language 1
known
    https://en.wikipedia.org/wiki/Programming_language 6
    https://en.wikipedia.org/wiki/Java_(programming_language) 2
stream
    https://en.wikipedia.org/wiki/Java_(programming_language) 1
stand
    https://en.wikipedia.org/wiki/Java_(programming_language) 1
together
    https://en.wikipedia.org/wiki/Programming_language 1
may
    https://en.wikipedia.org/wiki/Programming_language 23
    https://en.wikipedia.org/wiki/Java_(programming_language) 13
within
    https://en.wikipedia.org/wiki/Programming_language 3
    https://en.wikipedia.org/wiki/Java_(programming_language) 1
supplied
    https://en.wikipedia.org/wiki/Java_(programming_language) 1
forward
    https://en.wikipedia.org/wiki/Java_(programming_language) 1
could
    https://en.wikipedia.org/wiki/Programming_language 1
    https://en.wikipedia.org/wiki/Java_(programming_language) 1
undetected
    https://en.wikipedia.org/wiki/Programming_language 1
lacks
    https://en.wikipedia.org/wiki/Java_(programming_language) 1
trigger
    https://en.wikipedia.org/wiki/Programming_language 1
defining
    https://en.wikipedia.org/wiki/Programming_language 3
computation
    https://en.wikipedia.org/wiki/Programming_language 4
machine
    https://en.wikipedia.org/wiki/Programming_language 14
    https://en.wikipedia.org/wiki/Java_(programming_language) 18
websites
    https://en.wikipedia.org/wiki/Programming_language 1
return
    https://en.wikipedia.org/wiki/Programming_language 1
    https://en.wikipedia.org/wiki/Java_(programming_language) 1
instance
    https://en.wikipedia.org/wiki/Programming_language 5
    https://en.wikipedia.org/wiki/Java_(programming_language) 4
use
    https://en.wikipedia.org/wiki/Programming_language 14
    https://en.wikipedia.org/wiki/Java_(programming_language) 12
subject
    https://en.wikipedia.org/wiki/Programming_language 1
    https://en.wikipedia.org/wiki/Java_(programming_language) 1
inheritance
    https://en.wikipedia.org/wiki/Java_(programming_language) 2
feel
    https://en.wikipedia.org/wiki/Java_(programming_language) 3
networking
    https://en.wikipedia.org/wiki/Java_(programming_language) 1
main
    https://en.wikipedia.org/wiki/Programming_language 1
    https://en.wikipedia.org/wiki/Java_(programming_language) 12
integer
    https://en.wikipedia.org/wiki/Programming_language 2
    https://en.wikipedia.org/wiki/Java_(programming_language) 1
supercomputers
    https://en.wikipedia.org/wiki/Programming_language 1
    https://en.wikipedia.org/wiki/Java_(programming_language) 1
copyrighted
    https://en.wikipedia.org/wiki/Java_(programming_language) 2
revenue
    https://en.wikipedia.org/wiki/Java_(programming_language) 1
find
    https://en.wikipedia.org/wiki/Java_(programming_language) 1
host
    https://en.wikipedia.org/wiki/Java_(programming_language) 4
international
    https://en.wikipedia.org/wiki/Java_(programming_language) 2
regardless
    https://en.wikipedia.org/wiki/Java_(programming_language) 1
selected
    https://en.wikipedia.org/wiki/Java_(programming_language) 1
alter
    https://en.wikipedia.org/wiki/Programming_language 1
artifacts
    https://en.wikipedia.org/wiki/Programming_language 2
combine
    https://en.wikipedia.org/wiki/Programming_language 1
ideal
    https://en.wikipedia.org/wiki/Java_(programming_language) 1
vbscript
    https://en.wikipedia.org/wiki/Programming_language 1
accepts
    https://en.wikipedia.org/wiki/Java_(programming_language) 1
occur
    https://en.wikipedia.org/wiki/Java_(programming_language) 2
difficult
    https://en.wikipedia.org/wiki/Programming_language 2
    https://en.wikipedia.org/wiki/Java_(programming_language) 1
includes
    https://en.wikipedia.org/wiki/Java_(programming_language) 2
ideas
    https://en.wikipedia.org/wiki/Programming_language 5
    https://en.wikipedia.org/wiki/Java_(programming_language) 1
becomes
    https://en.wikipedia.org/wiki/Java_(programming_language) 1
coded
    https://en.wikipedia.org/wiki/Programming_language 1
originate
    https://en.wikipedia.org/wiki/Programming_language 1
varieties
    https://en.wikipedia.org/wiki/Programming_language 1
task
    https://en.wikipedia.org/wiki/Programming_language 1
null
    https://en.wikipedia.org/wiki/Programming_language 2
    https://en.wikipedia.org/wiki/Java_(programming_language) 1
directions
    https://en.wikipedia.org/wiki/Programming_language 1
infer
    https://en.wikipedia.org/wiki/Programming_language 2
true
    https://en.wikipedia.org/wiki/Java_(programming_language) 2
flaws
    https://en.wikipedia.org/wiki/Programming_language 1
nonetheless
    https://en.wikipedia.org/wiki/Programming_language 1
position
    https://en.wikipedia.org/wiki/Programming_language 2
oriented
    https://en.wikipedia.org/wiki/Programming_language 5
    https://en.wikipedia.org/wiki/Java_(programming_language) 4
present
    https://en.wikipedia.org/wiki/Programming_language 1
since
    https://en.wikipedia.org/wiki/Programming_language 4
    https://en.wikipedia.org/wiki/Java_(programming_language) 2
problems
    https://en.wikipedia.org/wiki/Programming_language 2
belong
    https://en.wikipedia.org/wiki/Java_(programming_language) 1
paradigm
    https://en.wikipedia.org/wiki/Programming_language 2
paradigms
    https://en.wikipedia.org/wiki/Programming_language 6
movements
    https://en.wikipedia.org/wiki/Programming_language 1
symbols
    https://en.wikipedia.org/wiki/Programming_language 3
println
    https://en.wikipedia.org/wiki/Java_(programming_language) 2
evangelist
    https://en.wikipedia.org/wiki/Java_(programming_language) 1
inventing
    https://en.wikipedia.org/wiki/Programming_language 1
magnitude
    https://en.wikipedia.org/wiki/Programming_language 1
physical
    https://en.wikipedia.org/wiki/Programming_language 1
included
    https://en.wikipedia.org/wiki/Programming_language 1
    https://en.wikipedia.org/wiki/Java_(programming_language) 1
make
    https://en.wikipedia.org/wiki/Programming_language 5
    https://en.wikipedia.org/wiki/Java_(programming_language) 3
execution
    https://en.wikipedia.org/wiki/Programming_language 15
    https://en.wikipedia.org/wiki/Java_(programming_language) 1
designers
    https://en.wikipedia.org/wiki/Programming_language 3
    https://en.wikipedia.org/wiki/Java_(programming_language) 1
opposed
    https://en.wikipedia.org/wiki/Programming_language 2
    https://en.wikipedia.org/wiki/Java_(programming_language) 1
processes
    https://en.wikipedia.org/wiki/Programming_language 1
>im
    https://en.wikipedia.org/wiki/Programming_language 1
downside
    https://en.wikipedia.org/wiki/Programming_language 1
thread
    https://en.wikipedia.org/wiki/Programming_language 1
    https://en.wikipedia.org/wiki/Java_(programming_language) 2
segmented
    https://en.wikipedia.org/wiki/Java_(programming_language) 1
exactly
    https://en.wikipedia.org/wiki/Programming_language 1
structure
    https://en.wikipedia.org/wiki/Programming_language 4
ruby
    https://en.wikipedia.org/wiki/Programming_language 2
bytes
    https://en.wikipedia.org/wiki/Programming_language 1
circulation
    https://en.wikipedia.org/wiki/Programming_language 1
writer
    https://en.wikipedia.org/wiki/Java_(programming_language) 1
invention
    https://en.wikipedia.org/wiki/Programming_language 1
properties
    https://en.wikipedia.org/wiki/Programming_language 1
interpreting
    https://en.wikipedia.org/wiki/Programming_language 1
    https://en.wikipedia.org/wiki/Java_(programming_language) 1
dalvik
    https://en.wikipedia.org/wiki/Java_(programming_language) 1
about
    https://en.wikipedia.org/wiki/Programming_language 2
parsing
    https://en.wikipedia.org/wiki/Programming_language 2
constraints
    https://en.wikipedia.org/wiki/Programming_language 1
branching
    https://en.wikipedia.org/wiki/Programming_language 1
crash
    https://en.wikipedia.org/wiki/Java_(programming_language) 1
quotes
    https://en.wikipedia.org/wiki/Programming_language 1
accessing
    https://en.wikipedia.org/wiki/Java_(programming_language) 1
character
    https://en.wikipedia.org/wiki/Programming_language 1
meaning
    https://en.wikipedia.org/wiki/Programming_language 8
    https://en.wikipedia.org/wiki/Java_(programming_language) 1
drawing
    https://en.wikipedia.org/wiki/Java_(programming_language) 1
above
    https://en.wikipedia.org/wiki/Programming_language 1
magnetic
    https://en.wikipedia.org/wiki/Programming_language 1
meaningless
    https://en.wikipedia.org/wiki/Programming_language 1
released
    https://en.wikipedia.org/wiki/Programming_language 1
    https://en.wikipedia.org/wiki/Java_(programming_language) 5
10
    https://en.wikipedia.org/wiki/Java_(programming_language) 1
goals
    https://en.wikipedia.org/wiki/Programming_language 1
    https://en.wikipedia.org/wiki/Java_(programming_language) 1
height
    https://en.wikipedia.org/wiki/Java_(programming_language) 1
symbolic
    https://en.wikipedia.org/wiki/Programming_language 1
based
    https://en.wikipedia.org/wiki/Programming_language 4
    https://en.wikipedia.org/wiki/Java_(programming_language) 4
13
    https://en.wikipedia.org/wiki/Programming_language 1
    https://en.wikipedia.org/wiki/Java_(programming_language) 2
pointer
    https://en.wikipedia.org/wiki/Programming_language 3
    https://en.wikipedia.org/wiki/Java_(programming_language) 2
14
    https://en.wikipedia.org/wiki/Programming_language 1
    https://en.wikipedia.org/wiki/Java_(programming_language) 1
modula
    https://en.wikipedia.org/wiki/Programming_language 1
15
    https://en.wikipedia.org/wiki/Programming_language 1
    https://en.wikipedia.org/wiki/Java_(programming_language) 3
16
    https://en.wikipedia.org/wiki/Programming_language 1
    https://en.wikipedia.org/wiki/Java_(programming_language) 1
17
    https://en.wikipedia.org/wiki/Programming_language 1
    https://en.wikipedia.org/wiki/Java_(programming_language) 1
18
    https://en.wikipedia.org/wiki/Programming_language 1
    https://en.wikipedia.org/wiki/Java_(programming_language) 1
module
    https://en.wikipedia.org/wiki/Programming_language 1
19
    https://en.wikipedia.org/wiki/Programming_language 1
    https://en.wikipedia.org/wiki/Java_(programming_language) 1
execute
    https://en.wikipedia.org/wiki/Programming_language 3
something
    https://en.wikipedia.org/wiki/Java_(programming_language) 1
pillar
    https://en.wikipedia.org/wiki/Java_(programming_language) 1
processing
    https://en.wikipedia.org/wiki/Programming_language 1
programs
    https://en.wikipedia.org/wiki/Programming_language 21
    https://en.wikipedia.org/wiki/Java_(programming_language) 8
understandable
    https://en.wikipedia.org/wiki/Programming_language 1
20
    https://en.wikipedia.org/wiki/Programming_language 1
    https://en.wikipedia.org/wiki/Java_(programming_language) 1
21
    https://en.wikipedia.org/wiki/Programming_language 1
    https://en.wikipedia.org/wiki/Java_(programming_language) 1
22
    https://en.wikipedia.org/wiki/Programming_language 1
    https://en.wikipedia.org/wiki/Java_(programming_language) 1
23
    https://en.wikipedia.org/wiki/Programming_language 1
    https://en.wikipedia.org/wiki/Java_(programming_language) 1
24
    https://en.wikipedia.org/wiki/Programming_language 1
    https://en.wikipedia.org/wiki/Java_(programming_language) 1
components
    https://en.wikipedia.org/wiki/Programming_language 1
    https://en.wikipedia.org/wiki/Java_(programming_language) 2
functional
    https://en.wikipedia.org/wiki/Programming_language 4
25
    https://en.wikipedia.org/wiki/Programming_language 1
    https://en.wikipedia.org/wiki/Java_(programming_language) 1
fact
    https://en.wikipedia.org/wiki/Programming_language 2
26
    https://en.wikipedia.org/wiki/Programming_language 1
    https://en.wikipedia.org/wiki/Java_(programming_language) 1
27
    https://en.wikipedia.org/wiki/Programming_language 1
    https://en.wikipedia.org/wiki/Java_(programming_language) 2
28
    https://en.wikipedia.org/wiki/Programming_language 1
    https://en.wikipedia.org/wiki/Java_(programming_language) 1
29
    https://en.wikipedia.org/wiki/Programming_language 1
    https://en.wikipedia.org/wiki/Java_(programming_language) 1
mid
    https://en.wikipedia.org/wiki/Programming_language 1
fundamental
    https://en.wikipedia.org/wiki/Programming_language 1
industry
    https://en.wikipedia.org/wiki/Programming_language 1
    https://en.wikipedia.org/wiki/Java_(programming_language) 1
eliminate
    https://en.wikipedia.org/wiki/Programming_language 1
long
    https://en.wikipedia.org/wiki/Java_(programming_language) 1
pieces
    https://en.wikipedia.org/wiki/Programming_language 1
into
    https://en.wikipedia.org/wiki/Programming_language 8
    https://en.wikipedia.org/wiki/Java_(programming_language) 5
supports
    https://en.wikipedia.org/wiki/Java_(programming_language) 1
operating
    https://en.wikipedia.org/wiki/Programming_language 1
    https://en.wikipedia.org/wiki/Java_(programming_language) 4
free
    https://en.wikipedia.org/wiki/Programming_language 1
    https://en.wikipedia.org/wiki/Java_(programming_language) 4
30
    https://en.wikipedia.org/wiki/Programming_language 1
    https://en.wikipedia.org/wiki/Java_(programming_language) 1
31
    https://en.wikipedia.org/wiki/Programming_language 1
    https://en.wikipedia.org/wiki/Java_(programming_language) 2
32
    https://en.wikipedia.org/wiki/Programming_language 1
    https://en.wikipedia.org/wiki/Java_(programming_language) 1
33
    https://en.wikipedia.org/wiki/Programming_language 1
    https://en.wikipedia.org/wiki/Java_(programming_language) 1
34
    https://en.wikipedia.org/wiki/Programming_language 1
    https://en.wikipedia.org/wiki/Java_(programming_language) 1
35
    https://en.wikipedia.org/wiki/Programming_language 1
    https://en.wikipedia.org/wiki/Java_(programming_language) 1
variables
    https://en.wikipedia.org/wiki/Java_(programming_language) 1
36
    https://en.wikipedia.org/wiki/Programming_language 1
    https://en.wikipedia.org/wiki/Java_(programming_language) 1
expression
    https://en.wikipedia.org/wiki/Programming_language 3
bother
    https://en.wikipedia.org/wiki/Programming_language 1
37
    https://en.wikipedia.org/wiki/Java_(programming_language) 1
though
    https://en.wikipedia.org/wiki/Java_(programming_language) 1
38
    https://en.wikipedia.org/wiki/Java_(programming_language) 1
39
    https://en.wikipedia.org/wiki/Programming_language 1
    https://en.wikipedia.org/wiki/Java_(programming_language) 1
denotes
    https://en.wikipedia.org/wiki/Java_(programming_language) 1
many
    https://en.wikipedia.org/wiki/Programming_language 17
    https://en.wikipedia.org/wiki/Java_(programming_language) 4
people
    https://en.wikipedia.org/wiki/Programming_language 1
transportation
    https://en.wikipedia.org/wiki/Programming_language 1
controlled
    https://en.wikipedia.org/wiki/Java_(programming_language) 2
actually
    https://en.wikipedia.org/wiki/Programming_language 1
    https://en.wikipedia.org/wiki/Java_(programming_language) 1
appear
    https://en.wikipedia.org/wiki/Programming_language 1
face
    https://en.wikipedia.org/wiki/Java_(programming_language) 1
getwriter
    https://en.wikipedia.org/wiki/Java_(programming_language) 1
texts
    https://en.wikipedia.org/wiki/Programming_language 1
ibm
    https://en.wikipedia.org/wiki/Programming_language 1
associated
    https://en.wikipedia.org/wiki/Programming_language 3
    https://en.wikipedia.org/wiki/Java_(programming_language) 1
holds
    https://en.wikipedia.org/wiki/Java_(programming_language) 1
40
    https://en.wikipedia.org/wiki/Programming_language 1
    https://en.wikipedia.org/wiki/Java_(programming_language) 1
41
    https://en.wikipedia.org/wiki/Programming_language 1
    https://en.wikipedia.org/wiki/Java_(programming_language) 1
operation
    https://en.wikipedia.org/wiki/Programming_language 7
    https://en.wikipedia.org/wiki/Java_(programming_language) 1
open
    https://en.wikipedia.org/wiki/Programming_language 5
    https://en.wikipedia.org/wiki/Java_(programming_language) 3
42
    https://en.wikipedia.org/wiki/Programming_language 1
    https://en.wikipedia.org/wiki/Java_(programming_language) 1
43
    https://en.wikipedia.org/wiki/Programming_language 1
    https://en.wikipedia.org/wiki/Java_(programming_language) 1
44
    https://en.wikipedia.org/wiki/Programming_language 1
    https://en.wikipedia.org/wiki/Java_(programming_language) 1
45
    https://en.wikipedia.org/wiki/Programming_language 1
    https://en.wikipedia.org/wiki/Java_(programming_language) 1
46
    https://en.wikipedia.org/wiki/Programming_language 1
    https://en.wikipedia.org/wiki/Java_(programming_language) 1
treat
    https://en.wikipedia.org/wiki/Programming_language 1
47
    https://en.wikipedia.org/wiki/Programming_language 7
    https://en.wikipedia.org/wiki/Java_(programming_language) 1
48
    https://en.wikipedia.org/wiki/Programming_language 1
    https://en.wikipedia.org/wiki/Java_(programming_language) 1
49
    https://en.wikipedia.org/wiki/Programming_language 1
    https://en.wikipedia.org/wiki/Java_(programming_language) 1
numbers
    https://en.wikipedia.org/wiki/Programming_language 2
    https://en.wikipedia.org/wiki/Java_(programming_language) 2
rapid
    https://en.wikipedia.org/wiki/Programming_language 1
project
    https://en.wikipedia.org/wiki/Java_(programming_language) 2
reputation
    https://en.wikipedia.org/wiki/Java_(programming_language) 1
expressing
    https://en.wikipedia.org/wiki/Programming_language 1
inside
    https://en.wikipedia.org/wiki/Java_(programming_language) 3
mainly
    https://en.wikipedia.org/wiki/Programming_language 2
whenever
    https://en.wikipedia.org/wiki/Java_(programming_language) 1
modularity
    https://en.wikipedia.org/wiki/Programming_language 1
50
    https://en.wikipedia.org/wiki/Programming_language 1
    https://en.wikipedia.org/wiki/Java_(programming_language) 1
51
    https://en.wikipedia.org/wiki/Programming_language 1
    https://en.wikipedia.org/wiki/Java_(programming_language) 1
five
    https://en.wikipedia.org/wiki/Java_(programming_language) 1
52
    https://en.wikipedia.org/wiki/Programming_language 1
    https://en.wikipedia.org/wiki/Java_(programming_language) 1
53
    https://en.wikipedia.org/wiki/Programming_language 1
    https://en.wikipedia.org/wiki/Java_(programming_language) 1
commands
    https://en.wikipedia.org/wiki/Programming_language 4
54
    https://en.wikipedia.org/wiki/Programming_language 1
    https://en.wikipedia.org/wiki/Java_(programming_language) 1
55
    https://en.wikipedia.org/wiki/Programming_language 1
    https://en.wikipedia.org/wiki/Java_(programming_language) 1
dispatching
    https://en.wikipedia.org/wiki/Java_(programming_language) 2
56
    https://en.wikipedia.org/wiki/Programming_language 1
    https://en.wikipedia.org/wiki/Java_(programming_language) 1
57
    https://en.wikipedia.org/wiki/Programming_language 1
constructor
    https://en.wikipedia.org/wiki/Java_(programming_language) 2
aimaco
    https://en.wikipedia.org/wiki/Programming_language 1
collection
    https://en.wikipedia.org/wiki/Programming_language 2
    https://en.wikipedia.org/wiki/Java_(programming_language) 2
look
    https://en.wikipedia.org/wiki/Java_(programming_language) 3
extends
    https://en.wikipedia.org/wiki/Java_(programming_language) 3
laboratory
    https://en.wikipedia.org/wiki/Programming_language 1
pluggable
    https://en.wikipedia.org/wiki/Java_(programming_language) 1
60
    https://en.wikipedia.org/wiki/Java_(programming_language) 1
61
    https://en.wikipedia.org/wiki/Programming_language 1
62
    https://en.wikipedia.org/wiki/Programming_language 1
63
    https://en.wikipedia.org/wiki/Programming_language 1
subclasses
    https://en.wikipedia.org/wiki/Java_(programming_language) 1
internet
    https://en.wikipedia.org/wiki/Programming_language 2
64
    https://en.wikipedia.org/wiki/Programming_language 1
65
    https://en.wikipedia.org/wiki/Programming_language 1
    https://en.wikipedia.org/wiki/Java_(programming_language) 1
allow
    https://en.wikipedia.org/wiki/Programming_language 8
    https://en.wikipedia.org/wiki/Java_(programming_language) 1
66
    https://en.wikipedia.org/wiki/Programming_language 1
installed
    https://en.wikipedia.org/wiki/Java_(programming_language) 1
reasons
    https://en.wikipedia.org/wiki/Java_(programming_language) 2
lawsuit
    https://en.wikipedia.org/wiki/Java_(programming_language) 1
needed
    https://en.wikipedia.org/wiki/Programming_language 2
    https://en.wikipedia.org/wiki/Java_(programming_language) 4
iec
    https://en.wikipedia.org/wiki/Java_(programming_language) 2
sgml
    https://en.wikipedia.org/wiki/Programming_language 1
update
    https://en.wikipedia.org/wiki/Java_(programming_language) 1
resides
    https://en.wikipedia.org/wiki/Java_(programming_language) 1
modifiers
    https://en.wikipedia.org/wiki/Java_(programming_language) 1
speed
    https://en.wikipedia.org/wiki/Java_(programming_language) 2
printf
    https://en.wikipedia.org/wiki/Java_(programming_language) 1
apple
    https://en.wikipedia.org/wiki/Java_(programming_language) 1
fundamentally
    https://en.wikipedia.org/wiki/Programming_language 1
common
    https://en.wikipedia.org/wiki/Programming_language 4
linux
    https://en.wikipedia.org/wiki/Java_(programming_language) 2
70
    https://en.wikipedia.org/wiki/Programming_language 1
definition
    https://en.wikipedia.org/wiki/Programming_language 4
71
    https://en.wikipedia.org/wiki/Programming_language 1
72
    https://en.wikipedia.org/wiki/Programming_language 1
73
    https://en.wikipedia.org/wiki/Programming_language 1
every
    https://en.wikipedia.org/wiki/Programming_language 4
    https://en.wikipedia.org/wiki/Java_(programming_language) 1
mask
    https://en.wikipedia.org/wiki/Programming_language 1
recently
    https://en.wikipedia.org/wiki/Java_(programming_language) 1
again
    https://en.wikipedia.org/wiki/Programming_language 1
indeed
    https://en.wikipedia.org/wiki/Programming_language 1
artificial
    https://en.wikipedia.org/wiki/Programming_language 2
step
    https://en.wikipedia.org/wiki/Programming_language 1
    https://en.wikipedia.org/wiki/Java_(programming_language) 1
mark
    https://en.wikipedia.org/wiki/Programming_language 3
    https://en.wikipedia.org/wiki/Java_(programming_language) 1
trend
    https://en.wikipedia.org/wiki/Programming_language 2
claimed
    https://en.wikipedia.org/wiki/Java_(programming_language) 1
axes
    https://en.wikipedia.org/wiki/Programming_language 1
during
    https://en.wikipedia.org/wiki/Programming_language 3
    https://en.wikipedia.org/wiki/Java_(programming_language) 1
degrees
    https://en.wikipedia.org/wiki/Programming_language 1
integers
    https://en.wikipedia.org/wiki/Java_(programming_language) 3
subtypes
    https://en.wikipedia.org/wiki/Java_(programming_language) 1
compatible
    https://en.wikipedia.org/wiki/Java_(programming_language) 2
grammar
    https://en.wikipedia.org/wiki/Programming_language 5
safety
    https://en.wikipedia.org/wiki/Programming_language 2
    https://en.wikipedia.org/wiki/Java_(programming_language) 2
superclass
    https://en.wikipedia.org/wiki/Java_(programming_language) 5
enable
    https://en.wikipedia.org/wiki/Programming_language 1
90
[...]
families
    https://en.wikipedia.org/wiki/Programming_language 1
contractors
    https://en.wikipedia.org/wiki/Programming_language 1
editions
    https://en.wikipedia.org/wiki/Java_(programming_language) 1
essentially
    https://en.wikipedia.org/wiki/Programming_language 1
remarks
    https://en.wikipedia.org/wiki/Programming_language 1
handler
    https://en.wikipedia.org/wiki/Programming_language 1
    https://en.wikipedia.org/wiki/Java_(programming_language) 1
coherent
    https://en.wikipedia.org/wiki/Programming_language 1
upper
    https://en.wikipedia.org/wiki/Java_(programming_language) 1
stood
    https://en.wikipedia.org/wiki/Java_(programming_language) 1
promised
    https://en.wikipedia.org/wiki/Java_(programming_language) 1
objective
    https://en.wikipedia.org/wiki/Programming_language 1
extremely
    https://en.wikipedia.org/wiki/Programming_language 1
speaking
    https://en.wikipedia.org/wiki/Programming_language 1
<applet>
    https://en.wikipedia.org/wiki/Java_(programming_language) 1
raises
    https://en.wikipedia.org/wiki/Programming_language 1
programmers
    https://en.wikipedia.org/wiki/Programming_language 4
    https://en.wikipedia.org/wiki/Java_(programming_language) 2
exhibit
    https://en.wikipedia.org/wiki/Programming_language 1
brand
    https://en.wikipedia.org/wiki/Java_(programming_language) 1
they
    https://en.wikipedia.org/wiki/Programming_language 12
    https://en.wikipedia.org/wiki/Java_(programming_language) 3
closely
    https://en.wikipedia.org/wiki/Programming_language 2
them
    https://en.wikipedia.org/wiki/Programming_language 6
    https://en.wikipedia.org/wiki/Java_(programming_language) 1
interpreter
    https://en.wikipedia.org/wiki/Programming_language 4
portable
    https://en.wikipedia.org/wiki/Java_(programming_language) 1
then
    https://en.wikipedia.org/wiki/Programming_language 2
    https://en.wikipedia.org/wiki/Java_(programming_language) 4
accept
    https://en.wikipedia.org/wiki/Java_(programming_language) 1
appletcontext
    https://en.wikipedia.org/wiki/Java_(programming_language) 1
re
    https://en.wikipedia.org/wiki/Java_(programming_language) 1
concepts
    https://en.wikipedia.org/wiki/Programming_language 4
invoked
    https://en.wikipedia.org/wiki/Java_(programming_language) 2
interpreted
    https://en.wikipedia.org/wiki/Programming_language 2
    https://en.wikipedia.org/wiki/Java_(programming_language) 1
starting
    https://en.wikipedia.org/wiki/Java_(programming_language) 1
subsets
    https://en.wikipedia.org/wiki/Programming_language 1
checking
    https://en.wikipedia.org/wiki/Programming_language 5
    https://en.wikipedia.org/wiki/Java_(programming_language) 1
access
    https://en.wikipedia.org/wiki/Programming_language 1
    https://en.wikipedia.org/wiki/Java_(programming_language) 7
primitive
    https://en.wikipedia.org/wiki/Programming_language 1
    https://en.wikipedia.org/wiki/Java_(programming_language) 3
grammatical
    https://en.wikipedia.org/wiki/Programming_language 1
executed
    https://en.wikipedia.org/wiki/Programming_language 6
    https://en.wikipedia.org/wiki/Java_(programming_language) 3
sun
    https://en.wikipedia.org/wiki/Java_(programming_language) 29
seen
    https://en.wikipedia.org/wiki/Programming_language 1
seem
    https://en.wikipedia.org/wiki/Programming_language 1
referring
    https://en.wikipedia.org/wiki/Programming_language 1
se
    https://en.wikipedia.org/wiki/Java_(programming_language) 8
current
    https://en.wikipedia.org/wiki/Programming_language 1
    https://en.wikipedia.org/wiki/Java_(programming_language) 2
managed
    https://en.wikipedia.org/wiki/Java_(programming_language) 1
so
    https://en.wikipedia.org/wiki/Programming_language 6
    https://en.wikipedia.org/wiki/Java_(programming_language) 2
preferred
    https://en.wikipedia.org/wiki/Java_(programming_language) 1
key
    https://en.wikipedia.org/wiki/Java_(programming_language) 1
issuing
    https://en.wikipedia.org/wiki/Programming_language 1
decision
    https://en.wikipedia.org/wiki/Java_(programming_language) 1
one
    https://en.wikipedia.org/wiki/Programming_language 14
    https://en.wikipedia.org/wiki/Java_(programming_language) 7
makes
    https://en.wikipedia.org/wiki/Java_(programming_language) 2
started
    https://en.wikipedia.org/wiki/Java_(programming_language) 1
launch
    https://en.wikipedia.org/wiki/Java_(programming_language) 1
ideally
    https://en.wikipedia.org/wiki/Java_(programming_language) 1
single
    https://en.wikipedia.org/wiki/Programming_language 5
    https://en.wikipedia.org/wiki/Java_(programming_language) 2
handled
    https://en.wikipedia.org/wiki/Programming_language 1
closed
    https://en.wikipedia.org/wiki/Programming_language 2
    https://en.wikipedia.org/wiki/Java_(programming_language) 3
to
    https://en.wikipedia.org/wiki/Programming_language 117
    https://en.wikipedia.org/wiki/Java_(programming_language) 115
vast
    https://en.wikipedia.org/wiki/Programming_language 1
fourth
    https://en.wikipedia.org/wiki/Programming_language 1
partially
    https://en.wikipedia.org/wiki/Java_(programming_language) 1
reimplementation
    https://en.wikipedia.org/wiki/Java_(programming_language) 1
but
    https://en.wikipedia.org/wiki/Programming_language 10
    https://en.wikipedia.org/wiki/Java_(programming_language) 10
commercial
    https://en.wikipedia.org/wiki/Programming_language 1
    https://en.wikipedia.org/wiki/Java_(programming_language) 1
declare
    https://en.wikipedia.org/wiki/Java_(programming_language) 1
separate
    https://en.wikipedia.org/wiki/Programming_language 3
    https://en.wikipedia.org/wiki/Java_(programming_language) 2
available
    https://en.wikipedia.org/wiki/Programming_language 6
    https://en.wikipedia.org/wiki/Java_(programming_language) 4
express
    https://en.wikipedia.org/wiki/Programming_language 4
rules
    https://en.wikipedia.org/wiki/Programming_language 4
contexts
    https://en.wikipedia.org/wiki/Programming_language 1
aqua
    https://en.wikipedia.org/wiki/Java_(programming_language) 1
regularly
    https://en.wikipedia.org/wiki/Programming_language 1
apache
    https://en.wikipedia.org/wiki/Java_(programming_language) 1
ruled
    https://en.wikipedia.org/wiki/Java_(programming_language) 1
aids
    https://en.wikipedia.org/wiki/Java_(programming_language) 1
dynamic
    https://en.wikipedia.org/wiki/Programming_language 4
details
    https://en.wikipedia.org/wiki/Programming_language 1
military
    https://en.wikipedia.org/wiki/Programming_language 1
written
    https://en.wikipedia.org/wiki/Programming_language 6
    https://en.wikipedia.org/wiki/Java_(programming_language) 9
up
    https://en.wikipedia.org/wiki/Programming_language 1
disuse
    https://en.wikipedia.org/wiki/Programming_language 1
generate
    https://en.wikipedia.org/wiki/Java_(programming_language) 3
unusual
    https://en.wikipedia.org/wiki/Programming_language 1
us
    https://en.wikipedia.org/wiki/Programming_language 1
treated
    https://en.wikipedia.org/wiki/Programming_language 3
    https://en.wikipedia.org/wiki/Java_(programming_language) 1
oracle
    https://en.wikipedia.org/wiki/Programming_language 1
    https://en.wikipedia.org/wiki/Java_(programming_language) 14
this
    https://en.wikipedia.org/wiki/Programming_language 18
    https://en.wikipedia.org/wiki/Java_(programming_language) 22
degree
    https://en.wikipedia.org/wiki/Programming_language 2
modules
    https://en.wikipedia.org/wiki/Programming_language 1
especially
    https://en.wikipedia.org/wiki/Programming_language 1
once
    https://en.wikipedia.org/wiki/Programming_language 2
    https://en.wikipedia.org/wiki/Java_(programming_language) 6
vm
    https://en.wikipedia.org/wiki/Java_(programming_language) 3
transformations
    https://en.wikipedia.org/wiki/Programming_language 2
solve
    https://en.wikipedia.org/wiki/Programming_language 1
support
    https://en.wikipedia.org/wiki/Programming_language 2
    https://en.wikipedia.org/wiki/Java_(programming_language) 10
insists
    https://en.wikipedia.org/wiki/Java_(programming_language) 1
higher
    https://en.wikipedia.org/wiki/Programming_language 4
implements
    https://en.wikipedia.org/wiki/Java_(programming_language) 1
jazelle
    https://en.wikipedia.org/wiki/Java_(programming_language) 1
idea
    https://en.wikipedia.org/wiki/Programming_language 1
vehicles
    https://en.wikipedia.org/wiki/Programming_language 1
expects
    https://en.wikipedia.org/wiki/Programming_language 2
printstream
    https://en.wikipedia.org/wiki/Java_(programming_language) 1
proprietary
    https://en.wikipedia.org/wiki/Programming_language 8
    https://en.wikipedia.org/wiki/Java_(programming_language) 2
kit
    https://en.wikipedia.org/wiki/Java_(programming_language) 1
throughout
    https://en.wikipedia.org/wiki/Programming_language 1
disposed
    https://en.wikipedia.org/wiki/Java_(programming_language) 2
emphasize
    https://en.wikipedia.org/wiki/Programming_language 1
normal
    https://en.wikipedia.org/wiki/Java_(programming_language) 1
types
    https://en.wikipedia.org/wiki/Programming_language 14
    https://en.wikipedia.org/wiki/Java_(programming_language) 6
encourages
    https://en.wikipedia.org/wiki/Programming_language 1
strokes
    https://en.wikipedia.org/wiki/Programming_language 1
cases
    https://en.wikipedia.org/wiki/Programming_language 3
previous
    https://en.wikipedia.org/wiki/Programming_language 1
classpath
    https://en.wikipedia.org/wiki/Java_(programming_language) 1
technology
    https://en.wikipedia.org/wiki/Java_(programming_language) 2
flute
    https://en.wikipedia.org/wiki/Programming_language 1
typed
    https://en.wikipedia.org/wiki/Programming_language 19
xp
    https://en.wikipedia.org/wiki/Java_(programming_language) 1
untyped
    https://en.wikipedia.org/wiki/Programming_language 2
z3
    https://en.wikipedia.org/wiki/Programming_language 1
ones
    https://en.wikipedia.org/wiki/Programming_language 2
paintcomponent
    https://en.wikipedia.org/wiki/Java_(programming_language) 4
passing
    https://en.wikipedia.org/wiki/Java_(programming_language) 2
3gls
    https://en.wikipedia.org/wiki/Programming_language 1
software
    https://en.wikipedia.org/wiki/Programming_language 3
    https://en.wikipedia.org/wiki/Java_(programming_language) 9
graphical
    https://en.wikipedia.org/wiki/Programming_language 2
    https://en.wikipedia.org/wiki/Java_(programming_language) 3
processors
    https://en.wikipedia.org/wiki/Java_(programming_language) 1
type
    https://en.wikipedia.org/wiki/Programming_language 35
    https://en.wikipedia.org/wiki/Java_(programming_language) 5
april
    https://en.wikipedia.org/wiki/Java_(programming_language) 1
problem
    https://en.wikipedia.org/wiki/Programming_language 1
    https://en.wikipedia.org/wiki/Java_(programming_language) 3
terms
    https://en.wikipedia.org/wiki/Programming_language 2
    https://en.wikipedia.org/wiki/Java_(programming_language) 3
presence
    https://en.wikipedia.org/wiki/Java_(programming_language) 1
between
    https://en.wikipedia.org/wiki/Programming_language 10
    https://en.wikipedia.org/wiki/Java_(programming_language) 1
phase
    https://en.wikipedia.org/wiki/Programming_language 1
goal
    https://en.wikipedia.org/wiki/Programming_language 3
    https://en.wikipedia.org/wiki/Java_(programming_language) 2
method
    https://en.wikipedia.org/wiki/Java_(programming_language) 31
natural
    https://en.wikipedia.org/wiki/Programming_language 9
overhead
    https://en.wikipedia.org/wiki/Java_(programming_language) 2
procedural
    https://en.wikipedia.org/wiki/Programming_language 1
icedtea
    https://en.wikipedia.org/wiki/Java_(programming_language) 1
exist
    https://en.wikipedia.org/wiki/Programming_language 2
concatenation
    https://en.wikipedia.org/wiki/Java_(programming_language) 1
combinations
    https://en.wikipedia.org/wiki/Programming_language 1
examples
    https://en.wikipedia.org/wiki/Programming_language 3
following
    https://en.wikipedia.org/wiki/Programming_language 4
    https://en.wikipedia.org/wiki/Java_(programming_language) 2
exact
    https://en.wikipedia.org/wiki/Programming_language 1
substantially
    https://en.wikipedia.org/wiki/Programming_language 1
hotspot
    https://en.wikipedia.org/wiki/Java_(programming_language) 3
james
    https://en.wikipedia.org/wiki/Java_(programming_language) 3
distribution
    https://en.wikipedia.org/wiki/Java_(programming_language) 1
tools
    https://en.wikipedia.org/wiki/Java_(programming_language) 1
out
    https://en.wikipedia.org/wiki/Programming_language 1
    https://en.wikipedia.org/wiki/Java_(programming_language) 4
weak
    https://en.wikipedia.org/wiki/Programming_language 1
leak
    https://en.wikipedia.org/wiki/Java_(programming_language) 2
feature
    https://en.wikipedia.org/wiki/Programming_language 1
elaborated
    https://en.wikipedia.org/wiki/Programming_language 1
continues
    https://en.wikipedia.org/wiki/Programming_language 1
initialized
    https://en.wikipedia.org/wiki/Java_(programming_language) 1
leap
    https://en.wikipedia.org/wiki/Programming_language 1
precise
    https://en.wikipedia.org/wiki/Programming_language 2
regular
    https://en.wikipedia.org/wiki/Programming_language 1
1970s
    https://en.wikipedia.org/wiki/Programming_language 2
dispute
    https://en.wikipedia.org/wiki/Java_(programming_language) 2
initializes
    https://en.wikipedia.org/wiki/Java_(programming_language) 1
token
    https://en.wikipedia.org/wiki/Programming_language 1
help
    https://en.wikipedia.org/wiki/Programming_language 1
expect
    https://en.wikipedia.org/wiki/Programming_language 1
additionally
    https://en.wikipedia.org/wiki/Programming_language 1
    https://en.wikipedia.org/wiki/Java_(programming_language) 1
elements
    https://en.wikipedia.org/wiki/Programming_language 2
    https://en.wikipedia.org/wiki/Java_(programming_language) 1
structuring
    https://en.wikipedia.org/wiki/Programming_language 1
located
    https://en.wikipedia.org/wiki/Java_(programming_language) 1
responses
    https://en.wikipedia.org/wiki/Java_(programming_language) 2
prone
    https://en.wikipedia.org/wiki/Programming_language 1
mathematical
    https://en.wikipedia.org/wiki/Programming_language 3
addresses
    https://en.wikipedia.org/wiki/Java_(programming_language) 2
succeeds
    https://en.wikipedia.org/wiki/Programming_language 1
data
    https://en.wikipedia.org/wiki/Programming_language 16
    https://en.wikipedia.org/wiki/Java_(programming_language) 9
theoretical
    https://en.wikipedia.org/wiki/Programming_language 1
adequate
    https://en.wikipedia.org/wiki/Java_(programming_language) 1
own
    https://en.wikipedia.org/wiki/Java_(programming_language) 4
gosling
    https://en.wikipedia.org/wiki/Java_(programming_language) 5
describing
    https://en.wikipedia.org/wiki/Programming_language 1
only
    https://en.wikipedia.org/wiki/Programming_language 7
    https://en.wikipedia.org/wiki/Java_(programming_language) 8
should
    https://en.wikipedia.org/wiki/Programming_language 3
create
    https://en.wikipedia.org/wiki/Programming_language 1
    https://en.wikipedia.org/wiki/Java_(programming_language) 4
tag
    https://en.wikipedia.org/wiki/Java_(programming_language) 3
mechanisms
    https://en.wikipedia.org/wiki/Programming_language 1
readable
    https://en.wikipedia.org/wiki/Programming_language 1
matlab
    https://en.wikipedia.org/wiki/Programming_language 1
development
    https://en.wikipedia.org/wiki/Programming_language 5
    https://en.wikipedia.org/wiki/Java_(programming_language) 4
like
    https://en.wikipedia.org/wiki/Programming_language 6
    https://en.wikipedia.org/wiki/Java_(programming_language) 1
servletexception
    https://en.wikipedia.org/wiki/Java_(programming_language) 1
accepted
    https://en.wikipedia.org/wiki/Programming_language 1
sent
    https://en.wikipedia.org/wiki/Java_(programming_language) 1
regards
    https://en.wikipedia.org/wiki/Programming_language 1
grammatically
    https://en.wikipedia.org/wiki/Programming_language 1
core
    https://en.wikipedia.org/wiki/Programming_language 5
    https://en.wikipedia.org/wiki/Java_(programming_language) 2
proposed
    https://en.wikipedia.org/wiki/Programming_language 3
purposes
    https://en.wikipedia.org/wiki/Programming_language 1
    https://en.wikipedia.org/wiki/Java_(programming_language) 1
person
    https://en.wikipedia.org/wiki/Programming_language 1
safe
    https://en.wikipedia.org/wiki/Programming_language 2
files
    https://en.wikipedia.org/wiki/Java_(programming_language) 1
enforce
    https://en.wikipedia.org/wiki/Programming_language 1
ground
    https://en.wikipedia.org/wiki/Programming_language 1
potentially
    https://en.wikipedia.org/wiki/Programming_language 1
here
    https://en.wikipedia.org/wiki/Programming_language 1
note
    https://en.wikipedia.org/wiki/Java_(programming_language) 1
ancestry
    https://en.wikipedia.org/wiki/Programming_language 1
purpose
    https://en.wikipedia.org/wiki/Programming_language 7
    https://en.wikipedia.org/wiki/Java_(programming_language) 1
rejected
    https://en.wikipedia.org/wiki/Programming_language 2
line
    https://en.wikipedia.org/wiki/Programming_language 4
    https://en.wikipedia.org/wiki/Java_(programming_language) 6
weakly
    https://en.wikipedia.org/wiki/Programming_language 3
scale
    https://en.wikipedia.org/wiki/Programming_language 2
    https://en.wikipedia.org/wiki/Java_(programming_language) 1
distinct
    https://en.wikipedia.org/wiki/Programming_language 2
can
    https://en.wikipedia.org/wiki/Programming_language 22
    https://en.wikipedia.org/wiki/Java_(programming_language) 18
security
    https://en.wikipedia.org/wiki/Programming_language 1
    https://en.wikipedia.org/wiki/Java_(programming_language) 3
targeting
    https://en.wikipedia.org/wiki/Java_(programming_language) 2
computing
    https://en.wikipedia.org/wiki/Programming_language 4
eligible
    https://en.wikipedia.org/wiki/Java_(programming_language) 1
floating
    https://en.wikipedia.org/wiki/Java_(programming_language) 2
said
    https://en.wikipedia.org/wiki/Java_(programming_language) 1
tcl
    https://en.wikipedia.org/wiki/Programming_language 1
player
    https://en.wikipedia.org/wiki/Programming_language 2
carried
    https://en.wikipedia.org/wiki/Programming_language 1
cost
    https://en.wikipedia.org/wiki/Java_(programming_language) 1
aims
    https://en.wikipedia.org/wiki/Java_(programming_language) 1
will
    https://en.wikipedia.org/wiki/Programming_language 3
    https://en.wikipedia.org/wiki/Java_(programming_language) 2
idle
    https://en.wikipedia.org/wiki/Java_(programming_language) 1
limited
    https://en.wikipedia.org/wiki/Programming_language 2
studied
    https://en.wikipedia.org/wiki/Programming_language 1
implementation
    https://en.wikipedia.org/wiki/Programming_language 10
    https://en.wikipedia.org/wiki/Java_(programming_language) 18
arbitrary
    https://en.wikipedia.org/wiki/Java_(programming_language) 1
groups
    https://en.wikipedia.org/wiki/Java_(programming_language) 1
standardize
    https://en.wikipedia.org/wiki/Programming_language 1
allowing
    https://en.wikipedia.org/wiki/Java_(programming_language) 1
intent
    https://en.wikipedia.org/wiki/Programming_language 1
loopholes
    https://en.wikipedia.org/wiki/Programming_language 1
factors
    https://en.wikipedia.org/wiki/Programming_language 1
fragment
    https://en.wikipedia.org/wiki/Programming_language 1
boolean
    https://en.wikipedia.org/wiki/Java_(programming_language) 3
compliance
    https://en.wikipedia.org/wiki/Java_(programming_language) 1
response
    https://en.wikipedia.org/wiki/Java_(programming_language) 5
arguments
    https://en.wikipedia.org/wiki/Programming_language 1
    https://en.wikipedia.org/wiki/Java_(programming_language) 3
]]></system-out>
  <system-err><![CDATA[]]></system-err>
</testsuite>
